2024/10/06 12:46:59 Logging to a file in Go!
2024/10/06 12:46:59 Running node
2024/10/06 12:46:59 Started logging: stderr from function.
2024/10/06 12:46:59 Started logging: stdout from function.
2024/10/06 12:46:59 Starting mitmproxy now
2024/10/06 12:46:59 Metrics listening on port: 8081
2024/10/06 12:47:31 POST / - 200 OK - ContentLength: 51
2024/10/06 12:47:31 POST / - 200 OK - ContentLength: 52
2024/10/06 12:47:31 POST / - 200 OK - ContentLength: 51
2024/10/06 12:47:31 POST / - 200 OK - ContentLength: 52
2024/10/06 12:47:31 POST / - 200 OK - ContentLength: 52
2024/10/06 12:47:31 POST / - 200 OK - ContentLength: 52
2024/10/06 12:47:31 POST / - 200 OK - ContentLength: 52
2024/10/06 12:47:31 POST / - 200 OK - ContentLength: 52
2024/10/06 12:47:31 POST / - 200 OK - ContentLength: 52
2024/10/06 12:47:31 POST / - 200 OK - ContentLength: 52
2024/10/06 12:47:31 POST / - 200 OK - ContentLength: 52
2024/10/06 12:47:31 POST / - 200 OK - ContentLength: 52
2024/10/06 12:47:31 POST / - 200 OK - ContentLength: 50
2024/10/06 12:47:31 POST / - 200 OK - ContentLength: 52
2024/10/06 12:47:31 POST / - 200 OK - ContentLength: 52
2024/10/06 12:47:31 POST / - 200 OK - ContentLength: 52
2024/10/06 12:47:32 POST / - 200 OK - ContentLength: 52
2024/10/06 12:47:32 POST / - 200 OK - ContentLength: 52
2024/10/06 12:47:32 POST / - 200 OK - ContentLength: 15
