2024/10/06 13:06:46 Logging to a file in Go!
2024/10/06 13:06:46 Running node
2024/10/06 13:06:46 Started logging: stderr from function.
2024/10/06 13:06:46 Started logging: stdout from function.
2024/10/06 13:06:46 Starting mitmproxy now
2024/10/06 13:06:46 Metrics listening on port: 8081
2024/10/06 13:07:18 POST / - 200 OK - ContentLength: 52
2024/10/06 13:07:18 POST / - 200 OK - ContentLength: 52
2024/10/06 13:07:18 POST / - 200 OK - ContentLength: 52
2024/10/06 13:07:18 POST / - 200 OK - ContentLength: 51
2024/10/06 13:07:18 POST / - 200 OK - ContentLength: 52
2024/10/06 13:07:18 POST / - 200 OK - ContentLength: 51
2024/10/06 13:07:18 POST / - 200 OK - ContentLength: 52
2024/10/06 13:07:18 POST / - 200 OK - ContentLength: 52
2024/10/06 13:07:18 POST / - 200 OK - ContentLength: 52
2024/10/06 13:07:18 POST / - 200 OK - ContentLength: 52
2024/10/06 13:07:18 POST / - 200 OK - ContentLength: 51
2024/10/06 13:07:18 POST / - 200 OK - ContentLength: 51
2024/10/06 13:07:18 POST / - 200 OK - ContentLength: 52
2024/10/06 13:07:18 POST / - 200 OK - ContentLength: 52
2024/10/06 13:07:18 POST / - 200 OK - ContentLength: 52
2024/10/06 13:07:18 POST / - 200 OK - ContentLength: 52
2024/10/06 13:07:18 POST / - 200 OK - ContentLength: 51
2024/10/06 13:07:18 POST / - 200 OK - ContentLength: 52
2024/10/06 13:07:18 POST / - 200 OK - ContentLength: 52
2024/10/06 13:07:18 POST / - 200 OK - ContentLength: 52
2024/10/06 13:07:18 POST / - 200 OK - ContentLength: 52
2024/10/06 13:07:18 POST / - 200 OK - ContentLength: 51
2024/10/06 13:07:18 POST / - 200 OK - ContentLength: 52
2024/10/06 13:07:18 POST / - 200 OK - ContentLength: 52
2024/10/06 13:07:18 POST / - 200 OK - ContentLength: 52
2024/10/06 13:07:18 POST / - 200 OK - ContentLength: 52
2024/10/06 13:07:18 POST / - 200 OK - ContentLength: 52
2024/10/06 13:07:18 POST / - 200 OK - ContentLength: 52
2024/10/06 13:07:18 POST / - 200 OK - ContentLength: 52
2024/10/06 13:07:18 POST / - 200 OK - ContentLength: 52
2024/10/06 13:07:18 POST / - 200 OK - ContentLength: 196
2024/10/06 13:07:18 POST / - 200 OK - ContentLength: 52
2024/10/06 13:07:18 POST / - 200 OK - ContentLength: 52
2024/10/06 13:07:19 POST / - 200 OK - ContentLength: 52
2024/10/06 13:07:19 POST / - 200 OK - ContentLength: 52
2024/10/06 13:07:19 POST / - 200 OK - ContentLength: 52
2024/10/06 13:07:19 POST / - 200 OK - ContentLength: 52
2024/10/06 13:07:19 POST / - 200 OK - ContentLength: 52
2024/10/06 13:07:19 POST / - 200 OK - ContentLength: 52
2024/10/06 13:07:19 POST / - 200 OK - ContentLength: 51
2024/10/06 13:07:19 POST / - 200 OK - ContentLength: 52
2024/10/06 13:07:19 POST / - 200 OK - ContentLength: 52
2024/10/06 13:07:19 POST / - 200 OK - ContentLength: 52
2024/10/06 13:07:19 POST / - 200 OK - ContentLength: 52
2024/10/06 13:07:19 POST / - 200 OK - ContentLength: 52
2024/10/06 13:07:19 POST / - 200 OK - ContentLength: 71
2024/10/06 13:07:19 POST / - 200 OK - ContentLength: 52
2024/10/06 13:07:19 POST / - 200 OK - ContentLength: 52
2024/10/06 13:07:19 POST / - 200 OK - ContentLength: 52
2024/10/06 13:07:19 POST / - 200 OK - ContentLength: 52
2024/10/06 13:07:19 POST / - 200 OK - ContentLength: 67
