2024/10/06 13:13:14 Logging to a file in Go!
2024/10/06 13:13:14 Running node
2024/10/06 13:13:14 Started logging: stderr from function.
2024/10/06 13:13:14 Started logging: stdout from function.
2024/10/06 13:13:14 Starting mitmproxy now
2024/10/06 13:13:14 Metrics listening on port: 8081
2024/10/06 13:13:46 POST / - 200 OK - ContentLength: 51
2024/10/06 13:13:46 POST / - 200 OK - ContentLength: 52
2024/10/06 13:13:46 POST / - 200 OK - ContentLength: 52
2024/10/06 13:13:46 POST / - 200 OK - ContentLength: 52
2024/10/06 13:13:46 POST / - 200 OK - ContentLength: 52
2024/10/06 13:13:46 POST / - 200 OK - ContentLength: 52
2024/10/06 13:13:46 POST / - 200 OK - ContentLength: 52
2024/10/06 13:13:46 POST / - 200 OK - ContentLength: 52
2024/10/06 13:13:46 POST / - 200 OK - ContentLength: 52
2024/10/06 13:13:46 POST / - 200 OK - ContentLength: 52
2024/10/06 13:13:46 POST / - 200 OK - ContentLength: 52
2024/10/06 13:13:46 POST / - 200 OK - ContentLength: 52
2024/10/06 13:13:46 POST / - 200 OK - ContentLength: 51
2024/10/06 13:13:46 POST / - 200 OK - ContentLength: 52
2024/10/06 13:13:46 POST / - 200 OK - ContentLength: 52
2024/10/06 13:13:46 POST / - 200 OK - ContentLength: 52
2024/10/06 13:13:46 POST / - 200 OK - ContentLength: 52
2024/10/06 13:13:46 POST / - 200 OK - ContentLength: 51
2024/10/06 13:13:46 POST / - 200 OK - ContentLength: 52
2024/10/06 13:13:46 POST / - 200 OK - ContentLength: 52
2024/10/06 13:13:46 POST / - 200 OK - ContentLength: 52
2024/10/06 13:13:46 POST / - 200 OK - ContentLength: 52
2024/10/06 13:13:46 POST / - 200 OK - ContentLength: 52
2024/10/06 13:13:46 POST / - 200 OK - ContentLength: 52
2024/10/06 13:13:46 POST / - 200 OK - ContentLength: 52
2024/10/06 13:13:46 POST / - 200 OK - ContentLength: 52
2024/10/06 13:13:46 POST / - 200 OK - ContentLength: 50
2024/10/06 13:13:46 POST / - 200 OK - ContentLength: 52
2024/10/06 13:13:46 POST / - 200 OK - ContentLength: 51
2024/10/06 13:13:46 POST / - 200 OK - ContentLength: 52
2024/10/06 13:13:46 POST / - 200 OK - ContentLength: 52
2024/10/06 13:13:46 POST / - 200 OK - ContentLength: 52
2024/10/06 13:13:46 POST / - 200 OK - ContentLength: 52
2024/10/06 13:13:46 POST / - 200 OK - ContentLength: 52
2024/10/06 13:13:46 POST / - 200 OK - ContentLength: 52
2024/10/06 13:13:46 POST / - 200 OK - ContentLength: 52
2024/10/06 13:13:46 POST / - 200 OK - ContentLength: 52
2024/10/06 13:13:46 POST / - 200 OK - ContentLength: 51
2024/10/06 13:13:46 POST / - 200 OK - ContentLength: 52
2024/10/06 13:13:46 POST / - 200 OK - ContentLength: 52
2024/10/06 13:13:46 POST / - 200 OK - ContentLength: 52
2024/10/06 13:13:46 POST / - 200 OK - ContentLength: 71
2024/10/06 13:13:46 POST / - 200 OK - ContentLength: 52
2024/10/06 13:13:46 POST / - 200 OK - ContentLength: 52
2024/10/06 13:13:46 POST / - 200 OK - ContentLength: 52
2024/10/06 13:13:46 POST / - 200 OK - ContentLength: 52
2024/10/06 13:13:46 POST / - 200 OK - ContentLength: 52
2024/10/06 13:13:46 POST / - 200 OK - ContentLength: 52
2024/10/06 13:13:46 POST / - 200 OK - ContentLength: 52
