2024/10/06 13:11:41 Logging to a file in Go!
2024/10/06 13:11:41 Running node
2024/10/06 13:11:41 Started logging: stderr from function.
2024/10/06 13:11:41 Started logging: stdout from function.
2024/10/06 13:11:41 Starting mitmproxy now
2024/10/06 13:11:41 Metrics listening on port: 8081
2024/10/06 13:12:12 POST / - 200 OK - ContentLength: 52
2024/10/06 13:12:12 POST / - 200 OK - ContentLength: 52
2024/10/06 13:12:12 POST / - 200 OK - ContentLength: 52
2024/10/06 13:12:12 POST / - 200 OK - ContentLength: 52
2024/10/06 13:12:12 POST / - 200 OK - ContentLength: 52
2024/10/06 13:12:12 POST / - 200 OK - ContentLength: 52
2024/10/06 13:12:12 POST / - 200 OK - ContentLength: 52
2024/10/06 13:12:12 POST / - 200 OK - ContentLength: 51
2024/10/06 13:12:13 POST / - 200 OK - ContentLength: 52
2024/10/06 13:12:13 POST / - 200 OK - ContentLength: 52
2024/10/06 13:12:13 POST / - 200 OK - ContentLength: 52
2024/10/06 13:12:13 POST / - 200 OK - ContentLength: 52
2024/10/06 13:12:13 POST / - 200 OK - ContentLength: 52
2024/10/06 13:12:13 POST / - 200 OK - ContentLength: 52
2024/10/06 13:12:13 POST / - 200 OK - ContentLength: 52
2024/10/06 13:12:13 POST / - 200 OK - ContentLength: 52
2024/10/06 13:12:13 POST / - 200 OK - ContentLength: 50
2024/10/06 13:12:13 POST / - 200 OK - ContentLength: 52
