2024/10/06 12:59:55 Logging to a file in Go!
2024/10/06 12:59:55 Running node
2024/10/06 12:59:55 Started logging: stderr from function.
2024/10/06 12:59:55 Started logging: stdout from function.
2024/10/06 12:59:55 Starting mitmproxy now
2024/10/06 12:59:55 Metrics listening on port: 8081
2024/10/06 13:00:27 POST / - 200 OK - ContentLength: 52
2024/10/06 13:00:27 POST / - 200 OK - ContentLength: 52
2024/10/06 13:00:27 POST / - 200 OK - ContentLength: 52
2024/10/06 13:00:27 POST / - 200 OK - ContentLength: 52
2024/10/06 13:00:27 POST / - 200 OK - ContentLength: 52
2024/10/06 13:00:27 POST / - 200 OK - ContentLength: 52
2024/10/06 13:00:27 POST / - 200 OK - ContentLength: 52
2024/10/06 13:00:27 POST / - 200 OK - ContentLength: 51
2024/10/06 13:00:27 POST / - 200 OK - ContentLength: 52
2024/10/06 13:00:27 POST / - 200 OK - ContentLength: 52
2024/10/06 13:00:27 POST / - 200 OK - ContentLength: 51
2024/10/06 13:00:27 POST / - 200 OK - ContentLength: 52
2024/10/06 13:00:27 POST / - 200 OK - ContentLength: 52
2024/10/06 13:00:27 POST / - 200 OK - ContentLength: 52
2024/10/06 13:00:27 POST / - 200 OK - ContentLength: 50
2024/10/06 13:00:27 POST / - 200 OK - ContentLength: 52
2024/10/06 13:00:27 POST / - 200 OK - ContentLength: 52
2024/10/06 13:00:27 POST / - 200 OK - ContentLength: 52
2024/10/06 13:00:27 POST / - 200 OK - ContentLength: 52
2024/10/06 13:00:27 POST / - 200 OK - ContentLength: 52
2024/10/06 13:00:27 POST / - 200 OK - ContentLength: 52
2024/10/06 13:00:27 POST / - 200 OK - ContentLength: 52
2024/10/06 13:00:27 POST / - 200 OK - ContentLength: 52
2024/10/06 13:00:27 POST / - 200 OK - ContentLength: 52
2024/10/06 13:00:27 POST / - 200 OK - ContentLength: 52
2024/10/06 13:00:27 POST / - 200 OK - ContentLength: 51
2024/10/06 13:00:27 POST / - 200 OK - ContentLength: 52
2024/10/06 13:00:27 POST / - 200 OK - ContentLength: 52
2024/10/06 13:00:27 POST / - 200 OK - ContentLength: 52
2024/10/06 13:00:27 POST / - 200 OK - ContentLength: 52
2024/10/06 13:00:27 POST / - 200 OK - ContentLength: 52
2024/10/06 13:00:27 POST / - 200 OK - ContentLength: 52
2024/10/06 13:00:27 POST / - 200 OK - ContentLength: 52
2024/10/06 13:00:27 POST / - 200 OK - ContentLength: 52
2024/10/06 13:00:27 POST / - 200 OK - ContentLength: 52
2024/10/06 13:00:27 POST / - 200 OK - ContentLength: 52
2024/10/06 13:00:27 POST / - 200 OK - ContentLength: 52
2024/10/06 13:00:27 POST / - 200 OK - ContentLength: 41
2024/10/06 13:00:27 POST / - 200 OK - ContentLength: 52
2024/10/06 13:00:27 POST / - 200 OK - ContentLength: 52
2024/10/06 13:00:27 POST / - 200 OK - ContentLength: 52
2024/10/06 13:00:27 POST / - 200 OK - ContentLength: 52
2024/10/06 13:00:27 POST / - 200 OK - ContentLength: 52
2024/10/06 13:00:27 POST / - 200 OK - ContentLength: 52
2024/10/06 13:00:27 POST / - 200 OK - ContentLength: 51
2024/10/06 13:00:27 POST / - 200 OK - ContentLength: 51
2024/10/06 13:00:27 POST / - 200 OK - ContentLength: 52
2024/10/06 13:00:27 POST / - 200 OK - ContentLength: 52
2024/10/06 13:00:27 POST / - 200 OK - ContentLength: 52
2024/10/06 13:00:27 POST / - 200 OK - ContentLength: 52
