2024/10/27 14:17:36 Logging to a file in Go!
2024/10/27 14:17:36 Running node
2024/10/27 14:17:36 Started logging: stderr from function.
2024/10/27 14:17:36 Started logging: stdout from function.
2024/10/27 14:17:36 Starting mitmproxy now
2024/10/27 14:17:36 Metrics listening on port: 8081
2024/10/27 14:20:29 POST / - 200 OK - ContentLength: 52
2024/10/27 14:20:37 POST / - 200 OK - ContentLength: 52
2024/10/27 14:20:37 POST / - 200 OK - ContentLength: 52
2024/10/27 14:20:37 POST / - 200 OK - ContentLength: 52
2024/10/27 14:20:37 POST / - 200 OK - ContentLength: 52
2024/10/27 14:20:37 POST / - 200 OK - ContentLength: 52
2024/10/27 14:20:37 POST / - 200 OK - ContentLength: 52
2024/10/27 14:20:37 POST / - 200 OK - ContentLength: 52
2024/10/27 14:20:37 POST / - 200 OK - ContentLength: 52
2024/10/27 14:20:37 POST / - 200 OK - ContentLength: 52
2024/10/27 14:20:38 POST / - 200 OK - ContentLength: 52
2024/10/27 14:20:38 POST / - 200 OK - ContentLength: 52
2024/10/27 14:20:38 POST / - 200 OK - ContentLength: 52
2024/10/27 14:20:38 POST / - 200 OK - ContentLength: 52
2024/10/27 14:20:38 POST / - 200 OK - ContentLength: 52
2024/10/27 14:20:38 POST / - 200 OK - ContentLength: 52
2024/10/27 14:20:38 POST / - 200 OK - ContentLength: 52
2024/10/27 14:20:38 POST / - 200 OK - ContentLength: 52
2024/10/27 14:20:39 POST / - 200 OK - ContentLength: 51
2024/10/27 14:20:46 POST / - 200 OK - ContentLength: 52
2024/10/27 14:20:46 POST / - 200 OK - ContentLength: 52
2024/10/27 14:20:46 POST / - 200 OK - ContentLength: 52
2024/10/27 14:20:46 POST / - 200 OK - ContentLength: 52
2024/10/27 14:20:46 POST / - 200 OK - ContentLength: 52
2024/10/27 14:20:46 POST / - 200 OK - ContentLength: 52
2024/10/27 14:20:46 POST / - 200 OK - ContentLength: 52
2024/10/27 14:20:46 POST / - 200 OK - ContentLength: 50
2024/10/27 14:20:46 POST / - 200 OK - ContentLength: 52
2024/10/27 14:20:46 POST / - 200 OK - ContentLength: 51
2024/10/27 14:20:46 POST / - 200 OK - ContentLength: 52
2024/10/27 14:20:46 POST / - 200 OK - ContentLength: 52
2024/10/27 14:20:46 POST / - 200 OK - ContentLength: 52
2024/10/27 14:20:46 POST / - 200 OK - ContentLength: 52
2024/10/27 14:20:46 POST / - 200 OK - ContentLength: 52
2024/10/27 14:20:46 POST / - 200 OK - ContentLength: 52
2024/10/27 14:20:46 POST / - 200 OK - ContentLength: 52
2024/10/27 14:20:46 POST / - 200 OK - ContentLength: 52
2024/10/27 14:20:46 POST / - 200 OK - ContentLength: 52
2024/10/27 14:20:46 POST / - 200 OK - ContentLength: 52
2024/10/27 14:20:46 POST / - 200 OK - ContentLength: 52
2024/10/27 14:20:46 POST / - 200 OK - ContentLength: 52
2024/10/27 14:20:46 POST / - 200 OK - ContentLength: 52
2024/10/27 14:20:46 POST / - 200 OK - ContentLength: 52
2024/10/27 14:20:46 POST / - 200 OK - ContentLength: 52
2024/10/27 14:20:46 POST / - 200 OK - ContentLength: 52
2024/10/27 14:20:46 POST / - 200 OK - ContentLength: 52
2024/10/27 14:20:46 POST / - 200 OK - ContentLength: 52
2024/10/27 14:20:46 POST / - 200 OK - ContentLength: 52
2024/10/27 14:20:46 POST / - 200 OK - ContentLength: 52
2024/10/27 14:20:46 POST / - 200 OK - ContentLength: 52
2024/10/27 14:20:46 POST / - 200 OK - ContentLength: 52
2024/10/27 14:20:46 POST / - 200 OK - ContentLength: 52
2024/10/27 14:20:46 POST / - 200 OK - ContentLength: 52
2024/10/27 14:20:46 POST / - 200 OK - ContentLength: 52
2024/10/27 14:20:47 POST / - 200 OK - ContentLength: 52
2024/10/27 14:20:47 POST / - 200 OK - ContentLength: 52
2024/10/27 14:20:47 POST / - 200 OK - ContentLength: 52
2024/10/27 14:20:47 POST / - 200 OK - ContentLength: 52
2024/10/27 14:20:47 POST / - 200 OK - ContentLength: 52
2024/10/27 14:20:47 POST / - 200 OK - ContentLength: 52
2024/10/27 14:20:47 POST / - 200 OK - ContentLength: 52
2024/10/27 14:20:47 POST / - 200 OK - ContentLength: 52
2024/10/27 14:20:47 POST / - 200 OK - ContentLength: 52
2024/10/27 14:20:47 POST / - 200 OK - ContentLength: 52
2024/10/27 14:20:47 POST / - 200 OK - ContentLength: 52
2024/10/27 14:20:47 POST / - 200 OK - ContentLength: 52
2024/10/27 14:20:47 POST / - 200 OK - ContentLength: 51
2024/10/27 14:20:47 POST / - 200 OK - ContentLength: 51
