2024/10/06 12:58:27 Logging to a file in Go!
2024/10/06 12:58:27 Running node
2024/10/06 12:58:27 Started logging: stderr from function.
2024/10/06 12:58:27 Started logging: stdout from function.
2024/10/06 12:58:27 Starting mitmproxy now
2024/10/06 12:58:27 Metrics listening on port: 8081
2024/10/06 12:58:59 POST / - 200 OK - ContentLength: 52
2024/10/06 12:58:59 POST / - 200 OK - ContentLength: 52
2024/10/06 12:58:59 POST / - 200 OK - ContentLength: 52
2024/10/06 12:58:59 POST / - 200 OK - ContentLength: 52
2024/10/06 12:58:59 POST / - 200 OK - ContentLength: 52
2024/10/06 12:58:59 POST / - 200 OK - ContentLength: 52
2024/10/06 12:58:59 POST / - 200 OK - ContentLength: 52
2024/10/06 12:58:59 POST / - 200 OK - ContentLength: 50
2024/10/06 12:58:59 POST / - 200 OK - ContentLength: 52
2024/10/06 12:58:59 POST / - 200 OK - ContentLength: 52
2024/10/06 12:58:59 POST / - 200 OK - ContentLength: 52
2024/10/06 12:58:59 POST / - 200 OK - ContentLength: 52
2024/10/06 12:58:59 POST / - 200 OK - ContentLength: 52
2024/10/06 12:58:59 POST / - 200 OK - ContentLength: 41
2024/10/06 12:58:59 POST / - 200 OK - ContentLength: 52
2024/10/06 12:58:59 POST / - 200 OK - ContentLength: 52
2024/10/06 12:58:59 POST / - 200 OK - ContentLength: 52
2024/10/06 12:59:00 POST / - 200 OK - ContentLength: 52
2024/10/06 12:59:00 POST / - 200 OK - ContentLength: 52
