2024/10/06 12:48:19 Logging to a file in Go!
2024/10/06 12:48:19 Running node
2024/10/06 12:48:19 Started logging: stderr from function.
2024/10/06 12:48:19 Started logging: stdout from function.
2024/10/06 12:48:19 Starting mitmproxy now
2024/10/06 12:48:19 Metrics listening on port: 8081
2024/10/06 12:48:50 POST / - 200 OK - ContentLength: 52
2024/10/06 12:48:50 POST / - 200 OK - ContentLength: 52
2024/10/06 12:48:50 POST / - 200 OK - ContentLength: 52
2024/10/06 12:48:50 POST / - 200 OK - ContentLength: 52
2024/10/06 12:48:50 POST / - 200 OK - ContentLength: 52
2024/10/06 12:48:50 POST / - 200 OK - ContentLength: 52
2024/10/06 12:48:50 POST / - 200 OK - ContentLength: 52
2024/10/06 12:48:50 POST / - 200 OK - ContentLength: 52
2024/10/06 12:48:50 POST / - 200 OK - ContentLength: 52
2024/10/06 12:48:50 POST / - 200 OK - ContentLength: 52
2024/10/06 12:48:50 POST / - 200 OK - ContentLength: 52
2024/10/06 12:48:50 POST / - 200 OK - ContentLength: 52
2024/10/06 12:48:50 POST / - 200 OK - ContentLength: 52
2024/10/06 12:48:50 POST / - 200 OK - ContentLength: 52
2024/10/06 12:48:50 POST / - 200 OK - ContentLength: 52
2024/10/06 12:48:50 POST / - 200 OK - ContentLength: 52
2024/10/06 12:48:50 POST / - 200 OK - ContentLength: 52
2024/10/06 12:48:50 POST / - 200 OK - ContentLength: 52
2024/10/06 12:48:50 POST / - 200 OK - ContentLength: 52
2024/10/06 12:48:50 POST / - 200 OK - ContentLength: 52
2024/10/06 12:48:50 POST / - 200 OK - ContentLength: 52
2024/10/06 12:48:50 POST / - 200 OK - ContentLength: 71
2024/10/06 12:48:50 POST / - 200 OK - ContentLength: 52
2024/10/06 12:48:50 POST / - 200 OK - ContentLength: 52
2024/10/06 12:48:51 POST / - 200 OK - ContentLength: 52
2024/10/06 12:48:51 POST / - 200 OK - ContentLength: 15
2024/10/06 12:48:51 POST / - 200 OK - ContentLength: 52
2024/10/06 12:48:51 POST / - 200 OK - ContentLength: 52
2024/10/06 12:48:51 POST / - 200 OK - ContentLength: 52
2024/10/06 12:48:51 POST / - 200 OK - ContentLength: 52
2024/10/06 12:48:51 POST / - 200 OK - ContentLength: 52
2024/10/06 12:48:51 POST / - 200 OK - ContentLength: 52
2024/10/06 12:48:51 POST / - 200 OK - ContentLength: 52
2024/10/06 12:48:51 POST / - 200 OK - ContentLength: 52
2024/10/06 12:48:51 POST / - 200 OK - ContentLength: 52
2024/10/06 12:48:51 POST / - 200 OK - ContentLength: 52
2024/10/06 12:48:51 POST / - 200 OK - ContentLength: 52
2024/10/06 12:48:51 POST / - 200 OK - ContentLength: 52
2024/10/06 12:48:51 POST / - 200 OK - ContentLength: 52
2024/10/06 12:48:51 POST / - 200 OK - ContentLength: 52
2024/10/06 12:48:51 POST / - 200 OK - ContentLength: 52
2024/10/06 12:48:51 POST / - 200 OK - ContentLength: 52
2024/10/06 12:48:51 POST / - 200 OK - ContentLength: 52
2024/10/06 12:48:51 POST / - 200 OK - ContentLength: 52
2024/10/06 12:48:51 POST / - 200 OK - ContentLength: 52
2024/10/06 12:48:51 POST / - 200 OK - ContentLength: 52
2024/10/06 12:48:51 POST / - 200 OK - ContentLength: 52
2024/10/06 12:48:51 POST / - 200 OK - ContentLength: 52
2024/10/06 12:48:51 POST / - 200 OK - ContentLength: 52
2024/10/06 12:48:51 POST / - 200 OK - ContentLength: 52
