2024/10/06 13:05:00 Logging to a file in Go!
2024/10/06 13:05:00 Running node
2024/10/06 13:05:00 Started logging: stderr from function.
2024/10/06 13:05:00 Started logging: stdout from function.
2024/10/06 13:05:00 Starting mitmproxy now
2024/10/06 13:05:00 Metrics listening on port: 8081
2024/10/06 13:05:32 POST / - 200 OK - ContentLength: 52
2024/10/06 13:05:32 POST / - 200 OK - ContentLength: 52
2024/10/06 13:05:32 POST / - 200 OK - ContentLength: 52
2024/10/06 13:05:32 POST / - 200 OK - ContentLength: 52
2024/10/06 13:05:32 POST / - 200 OK - ContentLength: 51
2024/10/06 13:05:32 POST / - 200 OK - ContentLength: 52
2024/10/06 13:05:32 POST / - 200 OK - ContentLength: 51
2024/10/06 13:05:32 POST / - 200 OK - ContentLength: 52
2024/10/06 13:05:32 POST / - 200 OK - ContentLength: 52
2024/10/06 13:05:32 POST / - 200 OK - ContentLength: 52
2024/10/06 13:05:32 POST / - 200 OK - ContentLength: 52
2024/10/06 13:05:32 POST / - 200 OK - ContentLength: 52
2024/10/06 13:05:32 POST / - 200 OK - ContentLength: 52
2024/10/06 13:05:32 POST / - 200 OK - ContentLength: 52
2024/10/06 13:05:32 POST / - 200 OK - ContentLength: 52
2024/10/06 13:05:32 POST / - 200 OK - ContentLength: 52
2024/10/06 13:05:32 POST / - 200 OK - ContentLength: 52
2024/10/06 13:05:32 POST / - 200 OK - ContentLength: 196
2024/10/06 13:05:33 POST / - 200 OK - ContentLength: 67
2024/10/06 13:05:33 POST / - 200 OK - ContentLength: 52
