2024/10/18 06:57:11 Logging to a file in Go!
2024/10/18 06:57:11 Running node
2024/10/18 06:57:11 Started logging: stderr from function.
2024/10/18 06:57:11 Started logging: stdout from function.
2024/10/18 06:57:11 Starting mitmproxy now
2024/10/18 06:57:11 Metrics listening on port: 8081
2024/10/18 07:02:35 POST / - 200 OK - ContentLength: 15
2024/10/18 07:03:31 POST / - 200 OK - ContentLength: 15
2024/10/18 07:03:41 POST / - 200 OK - ContentLength: 52
2024/10/18 07:03:42 POST / - 200 OK - ContentLength: 15
2024/10/18 07:03:50 POST / - 200 OK - ContentLength: 52
2024/10/18 07:03:50 POST / - 200 OK - ContentLength: 52
2024/10/18 07:03:50 POST / - 200 OK - ContentLength: 52
2024/10/18 07:03:50 POST / - 200 OK - ContentLength: 52
2024/10/18 07:03:50 POST / - 200 OK - ContentLength: 52
2024/10/18 07:03:50 POST / - 200 OK - ContentLength: 52
2024/10/18 07:03:50 POST / - 200 OK - ContentLength: 52
2024/10/18 07:03:51 POST / - 200 OK - ContentLength: 52
2024/10/18 07:03:51 POST / - 200 OK - ContentLength: 51
2024/10/18 07:03:51 POST / - 200 OK - ContentLength: 52
2024/10/18 07:03:51 POST / - 200 OK - ContentLength: 15
2024/10/18 07:03:51 POST / - 200 OK - ContentLength: 52
2024/10/18 07:03:51 POST / - 200 OK - ContentLength: 52
2024/10/18 07:03:51 POST / - 200 OK - ContentLength: 52
2024/10/18 07:03:51 POST / - 200 OK - ContentLength: 52
2024/10/18 07:03:51 POST / - 200 OK - ContentLength: 52
2024/10/18 07:03:52 POST / - 200 OK - ContentLength: 52
2024/10/18 07:03:52 POST / - 200 OK - ContentLength: 52
2024/10/18 07:03:52 POST / - 200 OK - ContentLength: 52
2024/10/18 07:03:59 POST / - 200 OK - ContentLength: 52
2024/10/18 07:03:59 POST / - 200 OK - ContentLength: 52
2024/10/18 07:03:59 POST / - 200 OK - ContentLength: 52
2024/10/18 07:03:59 POST / - 200 OK - ContentLength: 52
2024/10/18 07:03:59 POST / - 200 OK - ContentLength: 52
2024/10/18 07:03:59 POST / - 200 OK - ContentLength: 50
2024/10/18 07:03:59 POST / - 200 OK - ContentLength: 52
2024/10/18 07:03:59 POST / - 200 OK - ContentLength: 51
2024/10/18 07:03:59 POST / - 200 OK - ContentLength: 52
2024/10/18 07:03:59 POST / - 200 OK - ContentLength: 52
2024/10/18 07:03:59 POST / - 200 OK - ContentLength: 52
2024/10/18 07:04:00 POST / - 200 OK - ContentLength: 52
2024/10/18 07:04:00 POST / - 200 OK - ContentLength: 52
2024/10/18 07:04:00 POST / - 200 OK - ContentLength: 52
2024/10/18 07:04:00 POST / - 200 OK - ContentLength: 51
2024/10/18 07:04:00 POST / - 200 OK - ContentLength: 52
2024/10/18 07:04:00 POST / - 200 OK - ContentLength: 51
2024/10/18 07:04:00 POST / - 200 OK - ContentLength: 52
2024/10/18 07:04:00 POST / - 200 OK - ContentLength: 52
2024/10/18 07:04:00 POST / - 200 OK - ContentLength: 52
2024/10/18 07:04:00 POST / - 200 OK - ContentLength: 52
2024/10/18 07:04:00 POST / - 200 OK - ContentLength: 52
2024/10/18 07:04:00 POST / - 200 OK - ContentLength: 51
2024/10/18 07:04:00 POST / - 200 OK - ContentLength: 52
2024/10/18 07:04:00 POST / - 200 OK - ContentLength: 52
2024/10/18 07:04:00 POST / - 200 OK - ContentLength: 52
2024/10/18 07:04:00 POST / - 200 OK - ContentLength: 52
2024/10/18 07:04:00 POST / - 200 OK - ContentLength: 52
2024/10/18 07:04:00 POST / - 200 OK - ContentLength: 52
2024/10/18 07:04:00 POST / - 200 OK - ContentLength: 52
2024/10/18 07:04:00 POST / - 200 OK - ContentLength: 52
2024/10/18 07:04:00 POST / - 200 OK - ContentLength: 52
2024/10/18 07:04:00 POST / - 200 OK - ContentLength: 52
2024/10/18 07:04:00 POST / - 200 OK - ContentLength: 52
2024/10/18 07:04:00 POST / - 200 OK - ContentLength: 52
2024/10/18 07:04:00 POST / - 200 OK - ContentLength: 52
2024/10/18 07:04:00 POST / - 200 OK - ContentLength: 50
2024/10/18 07:04:00 POST / - 200 OK - ContentLength: 52
2024/10/18 07:04:00 POST / - 200 OK - ContentLength: 52
2024/10/18 07:04:00 POST / - 200 OK - ContentLength: 52
2024/10/18 07:04:00 POST / - 200 OK - ContentLength: 52
2024/10/18 07:04:00 POST / - 200 OK - ContentLength: 52
2024/10/18 07:04:00 POST / - 200 OK - ContentLength: 15
2024/10/18 07:04:00 POST / - 200 OK - ContentLength: 52
2024/10/18 07:04:00 POST / - 200 OK - ContentLength: 52
2024/10/18 07:04:00 POST / - 200 OK - ContentLength: 52
2024/10/18 07:04:00 POST / - 200 OK - ContentLength: 52
2024/10/18 07:04:00 POST / - 200 OK - ContentLength: 52
2024/10/18 07:04:00 POST / - 200 OK - ContentLength: 51
2024/10/18 07:04:00 POST / - 200 OK - ContentLength: 52
2024/10/18 07:04:08 POST / - 200 OK - ContentLength: 41
2024/10/18 07:04:17 POST / - 200 OK - ContentLength: 52
2024/10/18 07:04:18 POST / - 200 OK - ContentLength: 41
2024/10/18 07:04:27 POST / - 200 OK - ContentLength: 51
2024/10/18 07:04:27 POST / - 200 OK - ContentLength: 52
2024/10/18 07:04:27 POST / - 200 OK - ContentLength: 52
2024/10/18 07:04:27 POST / - 200 OK - ContentLength: 52
2024/10/18 07:04:27 POST / - 200 OK - ContentLength: 52
2024/10/18 07:04:27 POST / - 200 OK - ContentLength: 52
2024/10/18 07:04:27 POST / - 200 OK - ContentLength: 52
2024/10/18 07:04:27 POST / - 200 OK - ContentLength: 52
2024/10/18 07:04:28 POST / - 200 OK - ContentLength: 52
2024/10/18 07:04:28 POST / - 200 OK - ContentLength: 51
2024/10/18 07:04:28 POST / - 200 OK - ContentLength: 52
2024/10/18 07:04:28 POST / - 200 OK - ContentLength: 52
2024/10/18 07:04:28 POST / - 200 OK - ContentLength: 52
2024/10/18 07:04:28 POST / - 200 OK - ContentLength: 52
2024/10/18 07:04:28 POST / - 200 OK - ContentLength: 51
2024/10/18 07:04:28 POST / - 200 OK - ContentLength: 41
2024/10/18 07:04:28 POST / - 200 OK - ContentLength: 52
2024/10/18 07:04:29 POST / - 200 OK - ContentLength: 52
2024/10/18 07:04:29 POST / - 200 OK - ContentLength: 52
2024/10/18 07:04:36 POST / - 200 OK - ContentLength: 52
2024/10/18 07:04:36 POST / - 200 OK - ContentLength: 52
2024/10/18 07:04:36 POST / - 200 OK - ContentLength: 52
2024/10/18 07:04:36 POST / - 200 OK - ContentLength: 52
2024/10/18 07:04:37 POST / - 200 OK - ContentLength: 52
2024/10/18 07:04:37 POST / - 200 OK - ContentLength: 52
2024/10/18 07:04:37 POST / - 200 OK - ContentLength: 52
2024/10/18 07:04:37 POST / - 200 OK - ContentLength: 52
2024/10/18 07:04:37 POST / - 200 OK - ContentLength: 52
2024/10/18 07:04:37 POST / - 200 OK - ContentLength: 52
2024/10/18 07:04:37 POST / - 200 OK - ContentLength: 52
2024/10/18 07:04:37 POST / - 200 OK - ContentLength: 52
2024/10/18 07:04:37 POST / - 200 OK - ContentLength: 52
2024/10/18 07:04:37 POST / - 200 OK - ContentLength: 51
2024/10/18 07:04:37 POST / - 200 OK - ContentLength: 52
2024/10/18 07:04:37 POST / - 200 OK - ContentLength: 52
2024/10/18 07:04:37 POST / - 200 OK - ContentLength: 52
2024/10/18 07:04:37 POST / - 200 OK - ContentLength: 52
2024/10/18 07:04:37 POST / - 200 OK - ContentLength: 52
2024/10/18 07:04:37 POST / - 200 OK - ContentLength: 52
2024/10/18 07:04:37 POST / - 200 OK - ContentLength: 52
2024/10/18 07:04:37 POST / - 200 OK - ContentLength: 52
2024/10/18 07:04:37 POST / - 200 OK - ContentLength: 51
2024/10/18 07:04:37 POST / - 200 OK - ContentLength: 52
2024/10/18 07:04:37 POST / - 200 OK - ContentLength: 52
2024/10/18 07:04:37 POST / - 200 OK - ContentLength: 52
2024/10/18 07:04:37 POST / - 200 OK - ContentLength: 52
2024/10/18 07:04:37 POST / - 200 OK - ContentLength: 52
2024/10/18 07:04:37 POST / - 200 OK - ContentLength: 52
2024/10/18 07:04:37 POST / - 200 OK - ContentLength: 52
2024/10/18 07:04:37 POST / - 200 OK - ContentLength: 52
2024/10/18 07:04:37 POST / - 200 OK - ContentLength: 52
2024/10/18 07:04:37 POST / - 200 OK - ContentLength: 52
2024/10/18 07:04:37 POST / - 200 OK - ContentLength: 52
2024/10/18 07:04:37 POST / - 200 OK - ContentLength: 52
2024/10/18 07:04:37 POST / - 200 OK - ContentLength: 52
2024/10/18 07:04:37 POST / - 200 OK - ContentLength: 52
2024/10/18 07:04:37 POST / - 200 OK - ContentLength: 52
2024/10/18 07:04:37 POST / - 200 OK - ContentLength: 52
2024/10/18 07:04:37 POST / - 200 OK - ContentLength: 52
2024/10/18 07:04:37 POST / - 200 OK - ContentLength: 52
2024/10/18 07:04:37 POST / - 200 OK - ContentLength: 41
2024/10/18 07:04:37 POST / - 200 OK - ContentLength: 52
2024/10/18 07:04:37 POST / - 200 OK - ContentLength: 52
2024/10/18 07:04:37 POST / - 200 OK - ContentLength: 52
2024/10/18 07:04:37 POST / - 200 OK - ContentLength: 52
2024/10/18 07:04:37 POST / - 200 OK - ContentLength: 52
2024/10/18 07:04:37 POST / - 200 OK - ContentLength: 52
2024/10/18 07:04:37 POST / - 200 OK - ContentLength: 52
2024/10/18 07:04:37 POST / - 200 OK - ContentLength: 52
2024/10/18 07:04:46 POST / - 200 OK - ContentLength: 196
2024/10/18 07:04:46 POST / - 200 OK - ContentLength: 67
2024/10/18 07:04:56 POST / - 200 OK - ContentLength: 52
2024/10/18 07:04:57 POST / - 200 OK - ContentLength: 196
2024/10/18 07:04:57 POST / - 200 OK - ContentLength: 67
2024/10/18 07:05:06 POST / - 200 OK - ContentLength: 52
2024/10/18 07:05:06 POST / - 200 OK - ContentLength: 51
2024/10/18 07:05:06 POST / - 200 OK - ContentLength: 52
2024/10/18 07:05:06 POST / - 200 OK - ContentLength: 52
2024/10/18 07:05:06 POST / - 200 OK - ContentLength: 52
2024/10/18 07:05:06 POST / - 200 OK - ContentLength: 51
2024/10/18 07:05:07 POST / - 200 OK - ContentLength: 52
2024/10/18 07:05:07 POST / - 200 OK - ContentLength: 52
2024/10/18 07:05:07 POST / - 200 OK - ContentLength: 51
2024/10/18 07:05:07 POST / - 200 OK - ContentLength: 51
2024/10/18 07:05:07 POST / - 200 OK - ContentLength: 52
2024/10/18 07:05:07 POST / - 200 OK - ContentLength: 52
2024/10/18 07:05:07 POST / - 200 OK - ContentLength: 52
2024/10/18 07:05:07 POST / - 200 OK - ContentLength: 52
2024/10/18 07:05:07 POST / - 200 OK - ContentLength: 52
2024/10/18 07:05:07 POST / - 200 OK - ContentLength: 196
2024/10/18 07:05:08 POST / - 200 OK - ContentLength: 67
2024/10/18 07:05:08 POST / - 200 OK - ContentLength: 52
2024/10/18 07:05:08 POST / - 200 OK - ContentLength: 52
2024/10/18 07:05:08 POST / - 200 OK - ContentLength: 51
2024/10/18 07:05:16 POST / - 200 OK - ContentLength: 52
2024/10/18 07:05:16 POST / - 200 OK - ContentLength: 52
2024/10/18 07:05:16 POST / - 200 OK - ContentLength: 71
2024/10/18 07:05:16 POST / - 200 OK - ContentLength: 52
2024/10/18 07:05:17 POST / - 200 OK - ContentLength: 196
2024/10/18 07:05:17 POST / - 200 OK - ContentLength: 52
2024/10/18 07:05:17 POST / - 200 OK - ContentLength: 52
2024/10/18 07:05:17 POST / - 200 OK - ContentLength: 67
2024/10/18 07:05:17 POST / - 200 OK - ContentLength: 52
2024/10/18 07:05:17 POST / - 200 OK - ContentLength: 52
2024/10/18 07:05:17 POST / - 200 OK - ContentLength: 52
2024/10/18 07:05:17 POST / - 200 OK - ContentLength: 52
2024/10/18 07:05:17 POST / - 200 OK - ContentLength: 51
2024/10/18 07:05:17 POST / - 200 OK - ContentLength: 52
2024/10/18 07:05:17 POST / - 200 OK - ContentLength: 52
2024/10/18 07:05:17 POST / - 200 OK - ContentLength: 52
2024/10/18 07:05:17 POST / - 200 OK - ContentLength: 51
2024/10/18 07:05:17 POST / - 200 OK - ContentLength: 52
2024/10/18 07:05:17 POST / - 200 OK - ContentLength: 52
2024/10/18 07:05:17 POST / - 200 OK - ContentLength: 52
2024/10/18 07:05:17 POST / - 200 OK - ContentLength: 52
2024/10/18 07:05:17 POST / - 200 OK - ContentLength: 52
2024/10/18 07:05:17 POST / - 200 OK - ContentLength: 52
2024/10/18 07:05:17 POST / - 200 OK - ContentLength: 52
2024/10/18 07:05:17 POST / - 200 OK - ContentLength: 52
2024/10/18 07:05:17 POST / - 200 OK - ContentLength: 52
2024/10/18 07:05:17 POST / - 200 OK - ContentLength: 52
2024/10/18 07:05:17 POST / - 200 OK - ContentLength: 52
2024/10/18 07:05:17 POST / - 200 OK - ContentLength: 52
2024/10/18 07:05:17 POST / - 200 OK - ContentLength: 52
2024/10/18 07:05:17 POST / - 200 OK - ContentLength: 52
2024/10/18 07:05:17 POST / - 200 OK - ContentLength: 52
2024/10/18 07:05:17 POST / - 200 OK - ContentLength: 52
2024/10/18 07:05:17 POST / - 200 OK - ContentLength: 52
2024/10/18 07:05:17 POST / - 200 OK - ContentLength: 51
2024/10/18 07:05:17 POST / - 200 OK - ContentLength: 52
2024/10/18 07:05:17 POST / - 200 OK - ContentLength: 52
2024/10/18 07:05:17 POST / - 200 OK - ContentLength: 52
2024/10/18 07:05:17 POST / - 200 OK - ContentLength: 52
2024/10/18 07:05:17 POST / - 200 OK - ContentLength: 52
2024/10/18 07:05:18 POST / - 200 OK - ContentLength: 52
2024/10/18 07:05:18 POST / - 200 OK - ContentLength: 52
2024/10/18 07:05:18 POST / - 200 OK - ContentLength: 52
2024/10/18 07:05:18 POST / - 200 OK - ContentLength: 52
2024/10/18 07:05:18 POST / - 200 OK - ContentLength: 52
2024/10/18 07:05:18 POST / - 200 OK - ContentLength: 52
2024/10/18 07:05:18 POST / - 200 OK - ContentLength: 52
2024/10/18 07:05:18 POST / - 200 OK - ContentLength: 52
2024/10/18 07:05:18 POST / - 200 OK - ContentLength: 52
2024/10/18 07:05:18 POST / - 200 OK - ContentLength: 52
2024/10/18 07:05:18 POST / - 200 OK - ContentLength: 52
2024/10/18 07:17:38 POST / - 200 OK - ContentLength: 52
2024/10/18 07:17:38 POST / - 200 OK - ContentLength: 52
2024/10/18 07:17:38 POST / - 200 OK - ContentLength: 51
2024/10/18 07:17:38 POST / - 200 OK - ContentLength: 52
2024/10/18 07:17:38 POST / - 200 OK - ContentLength: 52
2024/10/18 07:17:38 POST / - 200 OK - ContentLength: 52
2024/10/18 07:17:38 POST / - 200 OK - ContentLength: 52
2024/10/18 07:17:38 POST / - 200 OK - ContentLength: 52
2024/10/18 07:17:38 POST / - 200 OK - ContentLength: 52
2024/10/18 07:17:38 POST / - 200 OK - ContentLength: 52
2024/10/18 07:17:38 POST / - 200 OK - ContentLength: 52
2024/10/18 07:17:38 POST / - 200 OK - ContentLength: 52
2024/10/18 07:17:38 POST / - 200 OK - ContentLength: 52
2024/10/18 07:17:39 POST / - 200 OK - ContentLength: 52
2024/10/18 07:17:39 POST / - 200 OK - ContentLength: 51
2024/10/18 07:17:39 POST / - 200 OK - ContentLength: 52
2024/10/18 07:17:39 POST / - 200 OK - ContentLength: 51
2024/10/18 07:17:39 POST / - 200 OK - ContentLength: 51
2024/10/18 07:17:39 POST / - 200 OK - ContentLength: 52
2024/10/18 07:17:39 POST / - 200 OK - ContentLength: 52
2024/10/18 07:17:39 POST / - 200 OK - ContentLength: 52
2024/10/18 07:17:39 POST / - 200 OK - ContentLength: 52
2024/10/18 07:17:39 POST / - 200 OK - ContentLength: 52
2024/10/18 07:17:39 POST / - 200 OK - ContentLength: 52
2024/10/18 07:17:39 POST / - 200 OK - ContentLength: 52
2024/10/18 07:17:39 POST / - 200 OK - ContentLength: 52
2024/10/18 07:17:39 POST / - 200 OK - ContentLength: 52
2024/10/18 07:17:39 POST / - 200 OK - ContentLength: 52
2024/10/18 07:17:39 POST / - 200 OK - ContentLength: 52
2024/10/18 07:17:39 POST / - 200 OK - ContentLength: 52
2024/10/18 07:17:39 POST / - 200 OK - ContentLength: 52
2024/10/18 07:17:39 POST / - 200 OK - ContentLength: 52
2024/10/18 07:17:39 POST / - 200 OK - ContentLength: 52
2024/10/18 07:17:39 POST / - 200 OK - ContentLength: 52
2024/10/18 07:17:39 POST / - 200 OK - ContentLength: 52
2024/10/18 07:17:39 POST / - 200 OK - ContentLength: 52
2024/10/18 07:17:39 POST / - 200 OK - ContentLength: 51
2024/10/18 07:17:39 POST / - 200 OK - ContentLength: 52
2024/10/18 07:17:39 POST / - 200 OK - ContentLength: 52
2024/10/18 07:17:39 POST / - 200 OK - ContentLength: 52
2024/10/18 07:17:39 POST / - 200 OK - ContentLength: 50
2024/10/18 07:17:39 POST / - 200 OK - ContentLength: 52
2024/10/18 07:17:39 POST / - 200 OK - ContentLength: 52
2024/10/18 07:17:39 POST / - 200 OK - ContentLength: 52
2024/10/18 07:17:39 POST / - 200 OK - ContentLength: 52
2024/10/18 07:17:39 POST / - 200 OK - ContentLength: 52
2024/10/18 07:17:39 POST / - 200 OK - ContentLength: 52
2024/10/18 07:17:39 POST / - 200 OK - ContentLength: 52
2024/10/18 07:17:39 POST / - 200 OK - ContentLength: 52
2024/10/18 07:17:39 POST / - 200 OK - ContentLength: 52
2024/10/18 07:18:04 POST / - 200 OK - ContentLength: 52
2024/10/18 07:18:04 POST / - 200 OK - ContentLength: 52
2024/10/18 07:18:04 POST / - 200 OK - ContentLength: 52
2024/10/18 07:18:04 POST / - 200 OK - ContentLength: 51
2024/10/18 07:18:04 POST / - 200 OK - ContentLength: 52
2024/10/18 07:18:04 POST / - 200 OK - ContentLength: 52
2024/10/18 07:18:04 POST / - 200 OK - ContentLength: 51
2024/10/18 07:18:04 POST / - 200 OK - ContentLength: 51
2024/10/18 07:18:04 POST / - 200 OK - ContentLength: 52
2024/10/18 07:18:04 POST / - 200 OK - ContentLength: 52
2024/10/18 07:18:04 POST / - 200 OK - ContentLength: 52
2024/10/18 07:18:04 POST / - 200 OK - ContentLength: 52
2024/10/18 07:18:04 POST / - 200 OK - ContentLength: 71
2024/10/18 07:18:04 POST / - 200 OK - ContentLength: 52
2024/10/18 07:18:04 POST / - 200 OK - ContentLength: 52
2024/10/18 07:18:05 POST / - 200 OK - ContentLength: 51
2024/10/18 07:18:05 POST / - 200 OK - ContentLength: 52
2024/10/18 07:18:05 POST / - 200 OK - ContentLength: 52
2024/10/18 07:18:05 POST / - 200 OK - ContentLength: 52
2024/10/18 07:18:05 POST / - 200 OK - ContentLength: 52
2024/10/18 07:18:05 POST / - 200 OK - ContentLength: 52
2024/10/18 07:18:05 POST / - 200 OK - ContentLength: 52
2024/10/18 07:18:05 POST / - 200 OK - ContentLength: 52
2024/10/18 07:18:05 POST / - 200 OK - ContentLength: 52
2024/10/18 07:18:05 POST / - 200 OK - ContentLength: 52
2024/10/18 07:18:05 POST / - 200 OK - ContentLength: 52
2024/10/18 07:18:05 POST / - 200 OK - ContentLength: 52
2024/10/18 07:18:05 POST / - 200 OK - ContentLength: 52
2024/10/18 07:18:05 POST / - 200 OK - ContentLength: 52
2024/10/18 07:18:05 POST / - 200 OK - ContentLength: 52
2024/10/18 07:18:05 POST / - 200 OK - ContentLength: 52
2024/10/18 07:18:05 POST / - 200 OK - ContentLength: 52
2024/10/18 07:18:05 POST / - 200 OK - ContentLength: 52
2024/10/18 07:18:05 POST / - 200 OK - ContentLength: 52
2024/10/18 07:18:05 POST / - 200 OK - ContentLength: 52
2024/10/18 07:18:05 POST / - 200 OK - ContentLength: 52
2024/10/18 07:18:05 POST / - 200 OK - ContentLength: 51
2024/10/18 07:18:05 POST / - 200 OK - ContentLength: 52
2024/10/18 07:18:05 POST / - 200 OK - ContentLength: 52
2024/10/18 07:18:05 POST / - 200 OK - ContentLength: 52
2024/10/18 07:18:05 POST / - 200 OK - ContentLength: 52
2024/10/18 07:18:05 POST / - 200 OK - ContentLength: 52
2024/10/18 07:18:05 POST / - 200 OK - ContentLength: 51
2024/10/18 07:18:05 POST / - 200 OK - ContentLength: 52
2024/10/18 07:18:05 POST / - 200 OK - ContentLength: 52
2024/10/18 07:18:05 POST / - 200 OK - ContentLength: 71
2024/10/18 07:18:05 POST / - 200 OK - ContentLength: 52
2024/10/18 07:18:05 POST / - 200 OK - ContentLength: 51
2024/10/18 07:18:05 POST / - 200 OK - ContentLength: 52
2024/10/18 07:18:05 POST / - 200 OK - ContentLength: 51
