2024/10/18 06:57:11 Logging to a file in Go!
2024/10/18 06:57:11 Running node
2024/10/18 06:57:11 Started logging: stderr from function.
2024/10/18 06:57:11 Started logging: stdout from function.
2024/10/18 06:57:11 Starting mitmproxy now
2024/10/18 06:57:11 Metrics listening on port: 8081
2024/10/18 07:02:35 POST / - 200 OK - ContentLength: 15
2024/10/18 07:03:31 POST / - 200 OK - ContentLength: 15
2024/10/18 07:03:41 POST / - 200 OK - ContentLength: 52
2024/10/18 07:03:42 POST / - 200 OK - ContentLength: 15
2024/10/18 07:03:50 POST / - 200 OK - ContentLength: 52
2024/10/18 07:03:50 POST / - 200 OK - ContentLength: 52
2024/10/18 07:03:50 POST / - 200 OK - ContentLength: 52
2024/10/18 07:03:50 POST / - 200 OK - ContentLength: 52
2024/10/18 07:03:50 POST / - 200 OK - ContentLength: 52
2024/10/18 07:03:50 POST / - 200 OK - ContentLength: 52
2024/10/18 07:03:50 POST / - 200 OK - ContentLength: 52
2024/10/18 07:03:51 POST / - 200 OK - ContentLength: 52
2024/10/18 07:03:51 POST / - 200 OK - ContentLength: 51
2024/10/18 07:03:51 POST / - 200 OK - ContentLength: 52
2024/10/18 07:03:51 POST / - 200 OK - ContentLength: 15
2024/10/18 07:03:51 POST / - 200 OK - ContentLength: 52
2024/10/18 07:03:51 POST / - 200 OK - ContentLength: 52
2024/10/18 07:03:51 POST / - 200 OK - ContentLength: 52
2024/10/18 07:03:51 POST / - 200 OK - ContentLength: 52
2024/10/18 07:03:51 POST / - 200 OK - ContentLength: 52
2024/10/18 07:03:52 POST / - 200 OK - ContentLength: 52
2024/10/18 07:03:52 POST / - 200 OK - ContentLength: 52
2024/10/18 07:03:52 POST / - 200 OK - ContentLength: 52
2024/10/18 07:03:59 POST / - 200 OK - ContentLength: 52
2024/10/18 07:03:59 POST / - 200 OK - ContentLength: 52
2024/10/18 07:03:59 POST / - 200 OK - ContentLength: 52
2024/10/18 07:03:59 POST / - 200 OK - ContentLength: 52
2024/10/18 07:03:59 POST / - 200 OK - ContentLength: 52
2024/10/18 07:03:59 POST / - 200 OK - ContentLength: 50
2024/10/18 07:03:59 POST / - 200 OK - ContentLength: 52
2024/10/18 07:03:59 POST / - 200 OK - ContentLength: 51
2024/10/18 07:03:59 POST / - 200 OK - ContentLength: 52
2024/10/18 07:03:59 POST / - 200 OK - ContentLength: 52
2024/10/18 07:03:59 POST / - 200 OK - ContentLength: 52
2024/10/18 07:04:00 POST / - 200 OK - ContentLength: 52
2024/10/18 07:04:00 POST / - 200 OK - ContentLength: 52
2024/10/18 07:04:00 POST / - 200 OK - ContentLength: 52
2024/10/18 07:04:00 POST / - 200 OK - ContentLength: 51
2024/10/18 07:04:00 POST / - 200 OK - ContentLength: 52
2024/10/18 07:04:00 POST / - 200 OK - ContentLength: 51
2024/10/18 07:04:00 POST / - 200 OK - ContentLength: 52
2024/10/18 07:04:00 POST / - 200 OK - ContentLength: 52
2024/10/18 07:04:00 POST / - 200 OK - ContentLength: 52
2024/10/18 07:04:00 POST / - 200 OK - ContentLength: 52
2024/10/18 07:04:00 POST / - 200 OK - ContentLength: 52
2024/10/18 07:04:00 POST / - 200 OK - ContentLength: 51
2024/10/18 07:04:00 POST / - 200 OK - ContentLength: 52
2024/10/18 07:04:00 POST / - 200 OK - ContentLength: 52
2024/10/18 07:04:00 POST / - 200 OK - ContentLength: 52
2024/10/18 07:04:00 POST / - 200 OK - ContentLength: 52
2024/10/18 07:04:00 POST / - 200 OK - ContentLength: 52
2024/10/18 07:04:00 POST / - 200 OK - ContentLength: 52
2024/10/18 07:04:00 POST / - 200 OK - ContentLength: 52
2024/10/18 07:04:00 POST / - 200 OK - ContentLength: 52
2024/10/18 07:04:00 POST / - 200 OK - ContentLength: 52
2024/10/18 07:04:00 POST / - 200 OK - ContentLength: 52
2024/10/18 07:04:00 POST / - 200 OK - ContentLength: 52
2024/10/18 07:04:00 POST / - 200 OK - ContentLength: 52
2024/10/18 07:04:00 POST / - 200 OK - ContentLength: 52
2024/10/18 07:04:00 POST / - 200 OK - ContentLength: 50
2024/10/18 07:04:00 POST / - 200 OK - ContentLength: 52
2024/10/18 07:04:00 POST / - 200 OK - ContentLength: 52
2024/10/18 07:04:00 POST / - 200 OK - ContentLength: 52
2024/10/18 07:04:00 POST / - 200 OK - ContentLength: 52
2024/10/18 07:04:00 POST / - 200 OK - ContentLength: 52
2024/10/18 07:04:00 POST / - 200 OK - ContentLength: 15
2024/10/18 07:04:00 POST / - 200 OK - ContentLength: 52
2024/10/18 07:04:00 POST / - 200 OK - ContentLength: 52
2024/10/18 07:04:00 POST / - 200 OK - ContentLength: 52
2024/10/18 07:04:00 POST / - 200 OK - ContentLength: 52
2024/10/18 07:04:00 POST / - 200 OK - ContentLength: 52
2024/10/18 07:04:00 POST / - 200 OK - ContentLength: 51
2024/10/18 07:04:00 POST / - 200 OK - ContentLength: 52
2024/10/18 07:04:08 POST / - 200 OK - ContentLength: 41
2024/10/18 07:04:17 POST / - 200 OK - ContentLength: 52
2024/10/18 07:04:18 POST / - 200 OK - ContentLength: 41
2024/10/18 07:04:27 POST / - 200 OK - ContentLength: 51
2024/10/18 07:04:27 POST / - 200 OK - ContentLength: 52
2024/10/18 07:04:27 POST / - 200 OK - ContentLength: 52
2024/10/18 07:04:27 POST / - 200 OK - ContentLength: 52
2024/10/18 07:04:27 POST / - 200 OK - ContentLength: 52
2024/10/18 07:04:27 POST / - 200 OK - ContentLength: 52
2024/10/18 07:04:27 POST / - 200 OK - ContentLength: 52
2024/10/18 07:04:27 POST / - 200 OK - ContentLength: 52
2024/10/18 07:04:28 POST / - 200 OK - ContentLength: 52
2024/10/18 07:04:28 POST / - 200 OK - ContentLength: 51
2024/10/18 07:04:28 POST / - 200 OK - ContentLength: 52
2024/10/18 07:04:28 POST / - 200 OK - ContentLength: 52
2024/10/18 07:04:28 POST / - 200 OK - ContentLength: 52
2024/10/18 07:04:28 POST / - 200 OK - ContentLength: 52
2024/10/18 07:04:28 POST / - 200 OK - ContentLength: 51
2024/10/18 07:04:28 POST / - 200 OK - ContentLength: 41
2024/10/18 07:04:28 POST / - 200 OK - ContentLength: 52
2024/10/18 07:04:29 POST / - 200 OK - ContentLength: 52
2024/10/18 07:04:29 POST / - 200 OK - ContentLength: 52
2024/10/18 07:04:36 POST / - 200 OK - ContentLength: 52
2024/10/18 07:04:36 POST / - 200 OK - ContentLength: 52
2024/10/18 07:04:36 POST / - 200 OK - ContentLength: 52
2024/10/18 07:04:36 POST / - 200 OK - ContentLength: 52
2024/10/18 07:04:37 POST / - 200 OK - ContentLength: 52
2024/10/18 07:04:37 POST / - 200 OK - ContentLength: 52
2024/10/18 07:04:37 POST / - 200 OK - ContentLength: 52
2024/10/18 07:04:37 POST / - 200 OK - ContentLength: 52
2024/10/18 07:04:37 POST / - 200 OK - ContentLength: 52
2024/10/18 07:04:37 POST / - 200 OK - ContentLength: 52
2024/10/18 07:04:37 POST / - 200 OK - ContentLength: 52
2024/10/18 07:04:37 POST / - 200 OK - ContentLength: 52
2024/10/18 07:04:37 POST / - 200 OK - ContentLength: 52
2024/10/18 07:04:37 POST / - 200 OK - ContentLength: 51
2024/10/18 07:04:37 POST / - 200 OK - ContentLength: 52
2024/10/18 07:04:37 POST / - 200 OK - ContentLength: 52
2024/10/18 07:04:37 POST / - 200 OK - ContentLength: 52
2024/10/18 07:04:37 POST / - 200 OK - ContentLength: 52
2024/10/18 07:04:37 POST / - 200 OK - ContentLength: 52
2024/10/18 07:04:37 POST / - 200 OK - ContentLength: 52
2024/10/18 07:04:37 POST / - 200 OK - ContentLength: 52
2024/10/18 07:04:37 POST / - 200 OK - ContentLength: 52
2024/10/18 07:04:37 POST / - 200 OK - ContentLength: 51
2024/10/18 07:04:37 POST / - 200 OK - ContentLength: 52
2024/10/18 07:04:37 POST / - 200 OK - ContentLength: 52
2024/10/18 07:04:37 POST / - 200 OK - ContentLength: 52
2024/10/18 07:04:37 POST / - 200 OK - ContentLength: 52
2024/10/18 07:04:37 POST / - 200 OK - ContentLength: 52
2024/10/18 07:04:37 POST / - 200 OK - ContentLength: 52
2024/10/18 07:04:37 POST / - 200 OK - ContentLength: 52
2024/10/18 07:04:37 POST / - 200 OK - ContentLength: 52
2024/10/18 07:04:37 POST / - 200 OK - ContentLength: 52
2024/10/18 07:04:37 POST / - 200 OK - ContentLength: 52
2024/10/18 07:04:37 POST / - 200 OK - ContentLength: 52
2024/10/18 07:04:37 POST / - 200 OK - ContentLength: 52
2024/10/18 07:04:37 POST / - 200 OK - ContentLength: 52
2024/10/18 07:04:37 POST / - 200 OK - ContentLength: 52
2024/10/18 07:04:37 POST / - 200 OK - ContentLength: 52
2024/10/18 07:04:37 POST / - 200 OK - ContentLength: 52
2024/10/18 07:04:37 POST / - 200 OK - ContentLength: 52
2024/10/18 07:04:37 POST / - 200 OK - ContentLength: 52
2024/10/18 07:04:37 POST / - 200 OK - ContentLength: 41
2024/10/18 07:04:37 POST / - 200 OK - ContentLength: 52
2024/10/18 07:04:37 POST / - 200 OK - ContentLength: 52
2024/10/18 07:04:37 POST / - 200 OK - ContentLength: 52
2024/10/18 07:04:37 POST / - 200 OK - ContentLength: 52
2024/10/18 07:04:37 POST / - 200 OK - ContentLength: 52
2024/10/18 07:04:37 POST / - 200 OK - ContentLength: 52
2024/10/18 07:04:37 POST / - 200 OK - ContentLength: 52
2024/10/18 07:04:37 POST / - 200 OK - ContentLength: 52
2024/10/18 07:04:46 POST / - 200 OK - ContentLength: 196
2024/10/18 07:04:46 POST / - 200 OK - ContentLength: 67
2024/10/18 07:04:56 POST / - 200 OK - ContentLength: 52
2024/10/18 07:04:57 POST / - 200 OK - ContentLength: 196
2024/10/18 07:04:57 POST / - 200 OK - ContentLength: 67
2024/10/18 07:05:06 POST / - 200 OK - ContentLength: 52
2024/10/18 07:05:06 POST / - 200 OK - ContentLength: 51
2024/10/18 07:05:06 POST / - 200 OK - ContentLength: 52
2024/10/18 07:05:06 POST / - 200 OK - ContentLength: 52
2024/10/18 07:05:06 POST / - 200 OK - ContentLength: 52
2024/10/18 07:05:06 POST / - 200 OK - ContentLength: 51
2024/10/18 07:05:07 POST / - 200 OK - ContentLength: 52
2024/10/18 07:05:07 POST / - 200 OK - ContentLength: 52
2024/10/18 07:05:07 POST / - 200 OK - ContentLength: 51
2024/10/18 07:05:07 POST / - 200 OK - ContentLength: 51
2024/10/18 07:05:07 POST / - 200 OK - ContentLength: 52
2024/10/18 07:05:07 POST / - 200 OK - ContentLength: 52
2024/10/18 07:05:07 POST / - 200 OK - ContentLength: 52
2024/10/18 07:05:07 POST / - 200 OK - ContentLength: 52
2024/10/18 07:05:07 POST / - 200 OK - ContentLength: 52
2024/10/18 07:05:07 POST / - 200 OK - ContentLength: 196
2024/10/18 07:05:08 POST / - 200 OK - ContentLength: 67
2024/10/18 07:05:08 POST / - 200 OK - ContentLength: 52
2024/10/18 07:05:08 POST / - 200 OK - ContentLength: 52
2024/10/18 07:05:08 POST / - 200 OK - ContentLength: 51
2024/10/18 07:05:16 POST / - 200 OK - ContentLength: 52
2024/10/18 07:05:16 POST / - 200 OK - ContentLength: 52
2024/10/18 07:05:16 POST / - 200 OK - ContentLength: 71
2024/10/18 07:05:16 POST / - 200 OK - ContentLength: 52
2024/10/18 07:05:17 POST / - 200 OK - ContentLength: 196
2024/10/18 07:05:17 POST / - 200 OK - ContentLength: 52
2024/10/18 07:05:17 POST / - 200 OK - ContentLength: 52
2024/10/18 07:05:17 POST / - 200 OK - ContentLength: 67
2024/10/18 07:05:17 POST / - 200 OK - ContentLength: 52
2024/10/18 07:05:17 POST / - 200 OK - ContentLength: 52
2024/10/18 07:05:17 POST / - 200 OK - ContentLength: 52
2024/10/18 07:05:17 POST / - 200 OK - ContentLength: 52
2024/10/18 07:05:17 POST / - 200 OK - ContentLength: 51
2024/10/18 07:05:17 POST / - 200 OK - ContentLength: 52
2024/10/18 07:05:17 POST / - 200 OK - ContentLength: 52
2024/10/18 07:05:17 POST / - 200 OK - ContentLength: 52
2024/10/18 07:05:17 POST / - 200 OK - ContentLength: 51
2024/10/18 07:05:17 POST / - 200 OK - ContentLength: 52
2024/10/18 07:05:17 POST / - 200 OK - ContentLength: 52
2024/10/18 07:05:17 POST / - 200 OK - ContentLength: 52
2024/10/18 07:05:17 POST / - 200 OK - ContentLength: 52
2024/10/18 07:05:17 POST / - 200 OK - ContentLength: 52
2024/10/18 07:05:17 POST / - 200 OK - ContentLength: 52
2024/10/18 07:05:17 POST / - 200 OK - ContentLength: 52
2024/10/18 07:05:17 POST / - 200 OK - ContentLength: 52
2024/10/18 07:05:17 POST / - 200 OK - ContentLength: 52
2024/10/18 07:05:17 POST / - 200 OK - ContentLength: 52
2024/10/18 07:05:17 POST / - 200 OK - ContentLength: 52
2024/10/18 07:05:17 POST / - 200 OK - ContentLength: 52
2024/10/18 07:05:17 POST / - 200 OK - ContentLength: 52
2024/10/18 07:05:17 POST / - 200 OK - ContentLength: 52
2024/10/18 07:05:17 POST / - 200 OK - ContentLength: 52
2024/10/18 07:05:17 POST / - 200 OK - ContentLength: 52
2024/10/18 07:05:17 POST / - 200 OK - ContentLength: 52
2024/10/18 07:05:17 POST / - 200 OK - ContentLength: 51
2024/10/18 07:05:17 POST / - 200 OK - ContentLength: 52
2024/10/18 07:05:17 POST / - 200 OK - ContentLength: 52
2024/10/18 07:05:17 POST / - 200 OK - ContentLength: 52
2024/10/18 07:05:17 POST / - 200 OK - ContentLength: 52
2024/10/18 07:05:17 POST / - 200 OK - ContentLength: 52
2024/10/18 07:05:18 POST / - 200 OK - ContentLength: 52
2024/10/18 07:05:18 POST / - 200 OK - ContentLength: 52
2024/10/18 07:05:18 POST / - 200 OK - ContentLength: 52
2024/10/18 07:05:18 POST / - 200 OK - ContentLength: 52
2024/10/18 07:05:18 POST / - 200 OK - ContentLength: 52
2024/10/18 07:05:18 POST / - 200 OK - ContentLength: 52
2024/10/18 07:05:18 POST / - 200 OK - ContentLength: 52
2024/10/18 07:05:18 POST / - 200 OK - ContentLength: 52
2024/10/18 07:05:18 POST / - 200 OK - ContentLength: 52
2024/10/18 07:05:18 POST / - 200 OK - ContentLength: 52
2024/10/18 07:05:18 POST / - 200 OK - ContentLength: 52
2024/10/18 07:17:38 POST / - 200 OK - ContentLength: 52
2024/10/18 07:17:38 POST / - 200 OK - ContentLength: 52
2024/10/18 07:17:38 POST / - 200 OK - ContentLength: 51
2024/10/18 07:17:38 POST / - 200 OK - ContentLength: 52
2024/10/18 07:17:38 POST / - 200 OK - ContentLength: 52
2024/10/18 07:17:38 POST / - 200 OK - ContentLength: 52
2024/10/18 07:17:38 POST / - 200 OK - ContentLength: 52
2024/10/18 07:17:38 POST / - 200 OK - ContentLength: 52
2024/10/18 07:17:38 POST / - 200 OK - ContentLength: 52
2024/10/18 07:17:38 POST / - 200 OK - ContentLength: 52
2024/10/18 07:17:38 POST / - 200 OK - ContentLength: 52
2024/10/18 07:17:38 POST / - 200 OK - ContentLength: 52
2024/10/18 07:17:38 POST / - 200 OK - ContentLength: 52
2024/10/18 07:17:39 POST / - 200 OK - ContentLength: 52
2024/10/18 07:17:39 POST / - 200 OK - ContentLength: 51
2024/10/18 07:17:39 POST / - 200 OK - ContentLength: 52
2024/10/18 07:17:39 POST / - 200 OK - ContentLength: 51
2024/10/18 07:17:39 POST / - 200 OK - ContentLength: 51
2024/10/18 07:17:39 POST / - 200 OK - ContentLength: 52
2024/10/18 07:17:39 POST / - 200 OK - ContentLength: 52
2024/10/18 07:17:39 POST / - 200 OK - ContentLength: 52
2024/10/18 07:17:39 POST / - 200 OK - ContentLength: 52
2024/10/18 07:17:39 POST / - 200 OK - ContentLength: 52
2024/10/18 07:17:39 POST / - 200 OK - ContentLength: 52
2024/10/18 07:17:39 POST / - 200 OK - ContentLength: 52
2024/10/18 07:17:39 POST / - 200 OK - ContentLength: 52
2024/10/18 07:17:39 POST / - 200 OK - ContentLength: 52
2024/10/18 07:17:39 POST / - 200 OK - ContentLength: 52
2024/10/18 07:17:39 POST / - 200 OK - ContentLength: 52
2024/10/18 07:17:39 POST / - 200 OK - ContentLength: 52
2024/10/18 07:17:39 POST / - 200 OK - ContentLength: 52
2024/10/18 07:17:39 POST / - 200 OK - ContentLength: 52
2024/10/18 07:17:39 POST / - 200 OK - ContentLength: 52
2024/10/18 07:17:39 POST / - 200 OK - ContentLength: 52
2024/10/18 07:17:39 POST / - 200 OK - ContentLength: 52
2024/10/18 07:17:39 POST / - 200 OK - ContentLength: 52
2024/10/18 07:17:39 POST / - 200 OK - ContentLength: 51
2024/10/18 07:17:39 POST / - 200 OK - ContentLength: 52
2024/10/18 07:17:39 POST / - 200 OK - ContentLength: 52
2024/10/18 07:17:39 POST / - 200 OK - ContentLength: 52
2024/10/18 07:17:39 POST / - 200 OK - ContentLength: 50
2024/10/18 07:17:39 POST / - 200 OK - ContentLength: 52
2024/10/18 07:17:39 POST / - 200 OK - ContentLength: 52
2024/10/18 07:17:39 POST / - 200 OK - ContentLength: 52
2024/10/18 07:17:39 POST / - 200 OK - ContentLength: 52
2024/10/18 07:17:39 POST / - 200 OK - ContentLength: 52
2024/10/18 07:17:39 POST / - 200 OK - ContentLength: 52
2024/10/18 07:17:39 POST / - 200 OK - ContentLength: 52
2024/10/18 07:17:39 POST / - 200 OK - ContentLength: 52
2024/10/18 07:17:39 POST / - 200 OK - ContentLength: 52
2024/10/18 07:18:04 POST / - 200 OK - ContentLength: 52
2024/10/18 07:18:04 POST / - 200 OK - ContentLength: 52
2024/10/18 07:18:04 POST / - 200 OK - ContentLength: 52
2024/10/18 07:18:04 POST / - 200 OK - ContentLength: 51
2024/10/18 07:18:04 POST / - 200 OK - ContentLength: 52
2024/10/18 07:18:04 POST / - 200 OK - ContentLength: 52
2024/10/18 07:18:04 POST / - 200 OK - ContentLength: 51
2024/10/18 07:18:04 POST / - 200 OK - ContentLength: 51
2024/10/18 07:18:04 POST / - 200 OK - ContentLength: 52
2024/10/18 07:18:04 POST / - 200 OK - ContentLength: 52
2024/10/18 07:18:04 POST / - 200 OK - ContentLength: 52
2024/10/18 07:18:04 POST / - 200 OK - ContentLength: 52
2024/10/18 07:18:04 POST / - 200 OK - ContentLength: 71
2024/10/18 07:18:04 POST / - 200 OK - ContentLength: 52
2024/10/18 07:18:04 POST / - 200 OK - ContentLength: 52
2024/10/18 07:18:05 POST / - 200 OK - ContentLength: 51
2024/10/18 07:18:05 POST / - 200 OK - ContentLength: 52
2024/10/18 07:18:05 POST / - 200 OK - ContentLength: 52
2024/10/18 07:18:05 POST / - 200 OK - ContentLength: 52
2024/10/18 07:18:05 POST / - 200 OK - ContentLength: 52
2024/10/18 07:18:05 POST / - 200 OK - ContentLength: 52
2024/10/18 07:18:05 POST / - 200 OK - ContentLength: 52
2024/10/18 07:18:05 POST / - 200 OK - ContentLength: 52
2024/10/18 07:18:05 POST / - 200 OK - ContentLength: 52
2024/10/18 07:18:05 POST / - 200 OK - ContentLength: 52
2024/10/18 07:18:05 POST / - 200 OK - ContentLength: 52
2024/10/18 07:18:05 POST / - 200 OK - ContentLength: 52
2024/10/18 07:18:05 POST / - 200 OK - ContentLength: 52
2024/10/18 07:18:05 POST / - 200 OK - ContentLength: 52
2024/10/18 07:18:05 POST / - 200 OK - ContentLength: 52
2024/10/18 07:18:05 POST / - 200 OK - ContentLength: 52
2024/10/18 07:18:05 POST / - 200 OK - ContentLength: 52
2024/10/18 07:18:05 POST / - 200 OK - ContentLength: 52
2024/10/18 07:18:05 POST / - 200 OK - ContentLength: 52
2024/10/18 07:18:05 POST / - 200 OK - ContentLength: 52
2024/10/18 07:18:05 POST / - 200 OK - ContentLength: 52
2024/10/18 07:18:05 POST / - 200 OK - ContentLength: 51
2024/10/18 07:18:05 POST / - 200 OK - ContentLength: 52
2024/10/18 07:18:05 POST / - 200 OK - ContentLength: 52
2024/10/18 07:18:05 POST / - 200 OK - ContentLength: 52
2024/10/18 07:18:05 POST / - 200 OK - ContentLength: 52
2024/10/18 07:18:05 POST / - 200 OK - ContentLength: 52
2024/10/18 07:18:05 POST / - 200 OK - ContentLength: 51
2024/10/18 07:18:05 POST / - 200 OK - ContentLength: 52
2024/10/18 07:18:05 POST / - 200 OK - ContentLength: 52
2024/10/18 07:18:05 POST / - 200 OK - ContentLength: 71
2024/10/18 07:18:05 POST / - 200 OK - ContentLength: 52
2024/10/18 07:18:05 POST / - 200 OK - ContentLength: 51
2024/10/18 07:18:05 POST / - 200 OK - ContentLength: 52
2024/10/18 07:18:05 POST / - 200 OK - ContentLength: 51
2024/10/18 07:18:22 POST / - 200 OK - ContentLength: 52
2024/10/18 07:18:22 POST / - 200 OK - ContentLength: 52
2024/10/18 07:18:22 POST / - 200 OK - ContentLength: 52
2024/10/18 07:18:22 POST / - 200 OK - ContentLength: 52
2024/10/18 07:18:22 POST / - 200 OK - ContentLength: 52
2024/10/18 07:18:22 POST / - 200 OK - ContentLength: 52
2024/10/18 07:18:22 POST / - 200 OK - ContentLength: 51
2024/10/18 07:18:22 POST / - 200 OK - ContentLength: 52
2024/10/18 07:18:22 POST / - 200 OK - ContentLength: 52
2024/10/18 07:18:22 POST / - 200 OK - ContentLength: 52
2024/10/18 07:18:22 POST / - 200 OK - ContentLength: 51
2024/10/18 07:18:23 POST / - 200 OK - ContentLength: 52
2024/10/18 07:18:23 POST / - 200 OK - ContentLength: 52
2024/10/18 07:18:23 POST / - 200 OK - ContentLength: 52
2024/10/18 07:18:23 POST / - 200 OK - ContentLength: 52
2024/10/18 07:18:23 POST / - 200 OK - ContentLength: 51
2024/10/18 07:18:23 POST / - 200 OK - ContentLength: 52
2024/10/18 07:18:23 POST / - 200 OK - ContentLength: 52
2024/10/18 07:18:23 POST / - 200 OK - ContentLength: 52
2024/10/18 07:18:23 POST / - 200 OK - ContentLength: 51
2024/10/18 07:18:23 POST / - 200 OK - ContentLength: 52
2024/10/18 07:18:23 POST / - 200 OK - ContentLength: 52
2024/10/18 07:18:23 POST / - 200 OK - ContentLength: 52
2024/10/18 07:18:23 POST / - 200 OK - ContentLength: 52
2024/10/18 07:18:23 POST / - 200 OK - ContentLength: 52
2024/10/18 07:18:23 POST / - 200 OK - ContentLength: 52
2024/10/18 07:18:23 POST / - 200 OK - ContentLength: 52
2024/10/18 07:18:23 POST / - 200 OK - ContentLength: 52
2024/10/18 07:18:23 POST / - 200 OK - ContentLength: 52
2024/10/18 07:18:23 POST / - 200 OK - ContentLength: 52
2024/10/18 07:18:23 POST / - 200 OK - ContentLength: 52
2024/10/18 07:18:23 POST / - 200 OK - ContentLength: 52
2024/10/18 07:18:23 POST / - 200 OK - ContentLength: 71
2024/10/18 07:18:23 POST / - 200 OK - ContentLength: 52
2024/10/18 07:18:23 POST / - 200 OK - ContentLength: 52
2024/10/18 07:18:23 POST / - 200 OK - ContentLength: 52
2024/10/18 07:18:23 POST / - 200 OK - ContentLength: 51
2024/10/18 07:18:23 POST / - 200 OK - ContentLength: 52
2024/10/18 07:18:23 POST / - 200 OK - ContentLength: 52
2024/10/18 07:18:23 POST / - 200 OK - ContentLength: 51
2024/10/18 07:18:23 POST / - 200 OK - ContentLength: 52
2024/10/18 07:18:23 POST / - 200 OK - ContentLength: 51
2024/10/18 07:18:23 POST / - 200 OK - ContentLength: 52
2024/10/18 07:18:23 POST / - 200 OK - ContentLength: 52
2024/10/18 07:18:23 POST / - 200 OK - ContentLength: 52
2024/10/18 07:18:23 POST / - 200 OK - ContentLength: 52
2024/10/18 07:18:23 POST / - 200 OK - ContentLength: 52
2024/10/18 07:18:23 POST / - 200 OK - ContentLength: 52
2024/10/18 07:18:23 POST / - 200 OK - ContentLength: 52
2024/10/18 07:18:23 POST / - 200 OK - ContentLength: 52
2024/10/27 13:01:53 POST / - 200 OK - ContentLength: 15
2024/10/27 13:02:09 POST / - 200 OK - ContentLength: 15
2024/10/27 13:02:10 POST / - 200 OK - ContentLength: 52
2024/10/27 13:02:21 POST / - 200 OK - ContentLength: 52
2024/10/27 13:02:21 POST / - 200 OK - ContentLength: 52
2024/10/27 13:02:21 POST / - 200 OK - ContentLength: 52
2024/10/27 13:02:22 POST / - 200 OK - ContentLength: 52
2024/10/27 13:02:22 POST / - 200 OK - ContentLength: 52
2024/10/27 13:02:22 POST / - 200 OK - ContentLength: 52
2024/10/27 13:02:22 POST / - 200 OK - ContentLength: 52
2024/10/27 13:02:22 POST / - 200 OK - ContentLength: 52
2024/10/27 13:02:22 POST / - 200 OK - ContentLength: 52
2024/10/27 13:02:22 POST / - 200 OK - ContentLength: 52
2024/10/27 13:02:22 POST / - 200 OK - ContentLength: 52
2024/10/27 13:02:22 POST / - 200 OK - ContentLength: 52
2024/10/27 13:02:22 POST / - 200 OK - ContentLength: 52
2024/10/27 13:02:23 POST / - 200 OK - ContentLength: 52
2024/10/27 13:02:23 POST / - 200 OK - ContentLength: 52
2024/10/27 13:02:23 POST / - 200 OK - ContentLength: 15
2024/10/27 13:02:23 POST / - 200 OK - ContentLength: 52
2024/10/27 13:02:23 POST / - 200 OK - ContentLength: 52
2024/10/27 13:02:23 POST / - 200 OK - ContentLength: 52
2024/10/27 13:02:34 POST / - 200 OK - ContentLength: 52
2024/10/27 13:02:34 POST / - 200 OK - ContentLength: 52
2024/10/27 13:02:34 POST / - 200 OK - ContentLength: 52
2024/10/27 13:02:34 POST / - 200 OK - ContentLength: 52
2024/10/27 13:02:34 POST / - 200 OK - ContentLength: 52
2024/10/27 13:02:34 POST / - 200 OK - ContentLength: 52
2024/10/27 13:02:34 POST / - 200 OK - ContentLength: 52
2024/10/27 13:02:34 POST / - 200 OK - ContentLength: 52
2024/10/27 13:02:34 POST / - 200 OK - ContentLength: 52
2024/10/27 13:02:34 POST / - 200 OK - ContentLength: 52
2024/10/27 13:02:34 POST / - 200 OK - ContentLength: 52
2024/10/27 13:02:34 POST / - 200 OK - ContentLength: 52
2024/10/27 13:02:34 POST / - 200 OK - ContentLength: 52
2024/10/27 13:02:34 POST / - 200 OK - ContentLength: 52
2024/10/27 13:02:34 POST / - 200 OK - ContentLength: 52
2024/10/27 13:02:34 POST / - 200 OK - ContentLength: 52
2024/10/27 13:02:35 POST / - 200 OK - ContentLength: 52
2024/10/27 13:02:35 POST / - 200 OK - ContentLength: 51
2024/10/27 13:02:35 POST / - 200 OK - ContentLength: 52
2024/10/27 13:02:35 POST / - 200 OK - ContentLength: 52
2024/10/27 13:02:35 POST / - 200 OK - ContentLength: 52
2024/10/27 13:02:35 POST / - 200 OK - ContentLength: 52
2024/10/27 13:02:35 POST / - 200 OK - ContentLength: 52
2024/10/27 13:02:35 POST / - 200 OK - ContentLength: 52
2024/10/27 13:02:35 POST / - 200 OK - ContentLength: 52
2024/10/27 13:02:35 POST / - 200 OK - ContentLength: 52
2024/10/27 13:02:35 POST / - 200 OK - ContentLength: 52
2024/10/27 13:02:35 POST / - 200 OK - ContentLength: 52
2024/10/27 13:02:35 POST / - 200 OK - ContentLength: 51
2024/10/27 13:02:35 POST / - 200 OK - ContentLength: 52
2024/10/27 13:02:35 POST / - 200 OK - ContentLength: 52
2024/10/27 13:02:35 POST / - 200 OK - ContentLength: 52
2024/10/27 13:02:35 POST / - 200 OK - ContentLength: 52
2024/10/27 13:02:35 POST / - 200 OK - ContentLength: 52
2024/10/27 13:02:35 POST / - 200 OK - ContentLength: 52
2024/10/27 13:02:35 POST / - 200 OK - ContentLength: 52
2024/10/27 13:02:35 POST / - 200 OK - ContentLength: 15
2024/10/27 13:02:35 POST / - 200 OK - ContentLength: 50
2024/10/27 13:02:35 POST / - 200 OK - ContentLength: 51
2024/10/27 13:02:35 POST / - 200 OK - ContentLength: 52
2024/10/27 13:02:35 POST / - 200 OK - ContentLength: 51
2024/10/27 13:02:35 POST / - 200 OK - ContentLength: 52
2024/10/27 13:02:35 POST / - 200 OK - ContentLength: 52
2024/10/27 13:02:35 POST / - 200 OK - ContentLength: 52
2024/10/27 13:02:35 POST / - 200 OK - ContentLength: 52
2024/10/27 13:02:35 POST / - 200 OK - ContentLength: 52
2024/10/27 13:02:35 POST / - 200 OK - ContentLength: 52
2024/10/27 13:02:35 POST / - 200 OK - ContentLength: 52
2024/10/27 13:02:35 POST / - 200 OK - ContentLength: 52
2024/10/27 13:02:35 POST / - 200 OK - ContentLength: 52
2024/10/27 13:02:46 POST / - 200 OK - ContentLength: 41
2024/10/27 13:03:00 POST / - 200 OK - ContentLength: 52
2024/10/27 13:03:01 POST / - 200 OK - ContentLength: 41
2024/10/27 13:03:13 POST / - 200 OK - ContentLength: 52
2024/10/27 13:03:13 POST / - 200 OK - ContentLength: 52
2024/10/27 13:03:13 POST / - 200 OK - ContentLength: 52
2024/10/27 13:03:13 POST / - 200 OK - ContentLength: 52
2024/10/27 13:03:13 POST / - 200 OK - ContentLength: 41
2024/10/27 13:03:13 POST / - 200 OK - ContentLength: 52
2024/10/27 13:03:13 POST / - 200 OK - ContentLength: 51
2024/10/27 13:03:14 POST / - 200 OK - ContentLength: 52
2024/10/27 13:03:14 POST / - 200 OK - ContentLength: 52
2024/10/27 13:03:14 POST / - 200 OK - ContentLength: 52
2024/10/27 13:03:14 POST / - 200 OK - ContentLength: 51
2024/10/27 13:03:14 POST / - 200 OK - ContentLength: 52
2024/10/27 13:03:14 POST / - 200 OK - ContentLength: 51
2024/10/27 13:03:14 POST / - 200 OK - ContentLength: 52
2024/10/27 13:03:14 POST / - 200 OK - ContentLength: 52
2024/10/27 13:03:14 POST / - 200 OK - ContentLength: 52
2024/10/27 13:03:15 POST / - 200 OK - ContentLength: 50
2024/10/27 13:03:15 POST / - 200 OK - ContentLength: 51
2024/10/27 13:03:15 POST / - 200 OK - ContentLength: 52
2024/10/27 13:03:26 POST / - 200 OK - ContentLength: 51
2024/10/27 13:03:26 POST / - 200 OK - ContentLength: 52
2024/10/27 13:03:26 POST / - 200 OK - ContentLength: 52
2024/10/27 13:03:26 POST / - 200 OK - ContentLength: 51
2024/10/27 13:03:26 POST / - 200 OK - ContentLength: 52
2024/10/27 13:03:26 POST / - 200 OK - ContentLength: 52
2024/10/27 13:03:26 POST / - 200 OK - ContentLength: 52
2024/10/27 13:03:26 POST / - 200 OK - ContentLength: 52
2024/10/27 13:03:26 POST / - 200 OK - ContentLength: 52
2024/10/27 13:03:26 POST / - 200 OK - ContentLength: 52
2024/10/27 13:03:26 POST / - 200 OK - ContentLength: 52
2024/10/27 13:03:26 POST / - 200 OK - ContentLength: 52
2024/10/27 13:03:26 POST / - 200 OK - ContentLength: 52
2024/10/27 13:03:26 POST / - 200 OK - ContentLength: 52
2024/10/27 13:03:26 POST / - 200 OK - ContentLength: 52
2024/10/27 13:03:26 POST / - 200 OK - ContentLength: 52
2024/10/27 13:03:26 POST / - 200 OK - ContentLength: 52
2024/10/27 13:03:27 POST / - 200 OK - ContentLength: 52
2024/10/27 13:03:27 POST / - 200 OK - ContentLength: 52
2024/10/27 13:03:27 POST / - 200 OK - ContentLength: 52
2024/10/27 13:03:27 POST / - 200 OK - ContentLength: 52
2024/10/27 13:03:27 POST / - 200 OK - ContentLength: 52
2024/10/27 13:03:27 POST / - 200 OK - ContentLength: 71
2024/10/27 13:03:27 POST / - 200 OK - ContentLength: 52
2024/10/27 13:03:27 POST / - 200 OK - ContentLength: 52
2024/10/27 13:03:27 POST / - 200 OK - ContentLength: 52
2024/10/27 13:03:27 POST / - 200 OK - ContentLength: 52
2024/10/27 13:03:27 POST / - 200 OK - ContentLength: 52
2024/10/27 13:03:27 POST / - 200 OK - ContentLength: 52
2024/10/27 13:03:27 POST / - 200 OK - ContentLength: 52
2024/10/27 13:03:27 POST / - 200 OK - ContentLength: 52
2024/10/27 13:03:27 POST / - 200 OK - ContentLength: 52
2024/10/27 13:03:27 POST / - 200 OK - ContentLength: 52
2024/10/27 13:03:27 POST / - 200 OK - ContentLength: 52
2024/10/27 13:03:27 POST / - 200 OK - ContentLength: 52
2024/10/27 13:03:27 POST / - 200 OK - ContentLength: 52
2024/10/27 13:03:27 POST / - 200 OK - ContentLength: 51
2024/10/27 13:03:27 POST / - 200 OK - ContentLength: 52
2024/10/27 13:03:27 POST / - 200 OK - ContentLength: 52
2024/10/27 13:03:27 POST / - 200 OK - ContentLength: 52
2024/10/27 13:03:27 POST / - 200 OK - ContentLength: 52
2024/10/27 13:03:27 POST / - 200 OK - ContentLength: 52
2024/10/27 13:03:27 POST / - 200 OK - ContentLength: 41
2024/10/27 13:03:27 POST / - 200 OK - ContentLength: 52
2024/10/27 13:03:27 POST / - 200 OK - ContentLength: 52
2024/10/27 13:03:27 POST / - 200 OK - ContentLength: 52
2024/10/27 13:03:27 POST / - 200 OK - ContentLength: 52
2024/10/27 13:03:27 POST / - 200 OK - ContentLength: 51
2024/10/27 13:03:27 POST / - 200 OK - ContentLength: 52
2024/10/27 13:03:27 POST / - 200 OK - ContentLength: 51
2024/10/27 13:03:39 POST / - 200 OK - ContentLength: 196
2024/10/27 13:03:39 POST / - 200 OK - ContentLength: 67
2024/10/27 13:03:53 POST / - 200 OK - ContentLength: 196
2024/10/27 13:03:53 POST / - 200 OK - ContentLength: 67
2024/10/27 13:03:54 POST / - 200 OK - ContentLength: 52
2024/10/27 13:04:08 POST / - 200 OK - ContentLength: 52
2024/10/27 13:04:08 POST / - 200 OK - ContentLength: 52
2024/10/27 13:04:08 POST / - 200 OK - ContentLength: 52
2024/10/27 13:04:08 POST / - 200 OK - ContentLength: 52
2024/10/27 13:04:08 POST / - 200 OK - ContentLength: 52
2024/10/27 13:04:08 POST / - 200 OK - ContentLength: 52
2024/10/27 13:04:08 POST / - 200 OK - ContentLength: 52
2024/10/27 13:04:08 POST / - 200 OK - ContentLength: 52
2024/10/27 13:04:08 POST / - 200 OK - ContentLength: 52
2024/10/27 13:04:09 POST / - 200 OK - ContentLength: 52
2024/10/27 13:04:09 POST / - 200 OK - ContentLength: 52
2024/10/27 13:04:09 POST / - 200 OK - ContentLength: 52
2024/10/27 13:04:09 POST / - 200 OK - ContentLength: 52
2024/10/27 13:04:09 POST / - 200 OK - ContentLength: 51
2024/10/27 13:04:09 POST / - 200 OK - ContentLength: 52
2024/10/27 13:04:09 POST / - 200 OK - ContentLength: 196
2024/10/27 13:04:09 POST / - 200 OK - ContentLength: 67
2024/10/27 13:04:09 POST / - 200 OK - ContentLength: 52
2024/10/27 13:04:09 POST / - 200 OK - ContentLength: 52
2024/10/27 13:04:10 POST / - 200 OK - ContentLength: 52
2024/10/27 13:04:22 POST / - 200 OK - ContentLength: 52
2024/10/27 13:04:22 POST / - 200 OK - ContentLength: 52
2024/10/27 13:04:22 POST / - 200 OK - ContentLength: 52
2024/10/27 13:04:22 POST / - 200 OK - ContentLength: 52
2024/10/27 13:04:22 POST / - 200 OK - ContentLength: 52
2024/10/27 13:04:22 POST / - 200 OK - ContentLength: 52
2024/10/27 13:04:22 POST / - 200 OK - ContentLength: 196
2024/10/27 13:04:22 POST / - 200 OK - ContentLength: 51
2024/10/27 13:04:22 POST / - 200 OK - ContentLength: 52
2024/10/27 13:04:22 POST / - 200 OK - ContentLength: 52
2024/10/27 13:04:22 POST / - 200 OK - ContentLength: 51
2024/10/27 13:04:22 POST / - 200 OK - ContentLength: 67
2024/10/27 13:04:22 POST / - 200 OK - ContentLength: 52
2024/10/27 13:04:22 POST / - 200 OK - ContentLength: 52
2024/10/27 13:04:22 POST / - 200 OK - ContentLength: 52
2024/10/27 13:04:22 POST / - 200 OK - ContentLength: 52
2024/10/27 13:04:22 POST / - 200 OK - ContentLength: 52
2024/10/27 13:04:22 POST / - 200 OK - ContentLength: 52
2024/10/27 13:04:22 POST / - 200 OK - ContentLength: 52
2024/10/27 13:04:22 POST / - 200 OK - ContentLength: 51
2024/10/27 13:04:22 POST / - 200 OK - ContentLength: 52
2024/10/27 13:04:23 POST / - 200 OK - ContentLength: 52
2024/10/27 13:04:23 POST / - 200 OK - ContentLength: 52
2024/10/27 13:04:23 POST / - 200 OK - ContentLength: 52
2024/10/27 13:04:23 POST / - 200 OK - ContentLength: 50
2024/10/27 13:04:23 POST / - 200 OK - ContentLength: 52
2024/10/27 13:04:23 POST / - 200 OK - ContentLength: 52
2024/10/27 13:04:23 POST / - 200 OK - ContentLength: 52
2024/10/27 13:04:23 POST / - 200 OK - ContentLength: 52
2024/10/27 13:04:23 POST / - 200 OK - ContentLength: 51
2024/10/27 13:04:23 POST / - 200 OK - ContentLength: 52
2024/10/27 13:04:23 POST / - 200 OK - ContentLength: 52
2024/10/27 13:04:23 POST / - 200 OK - ContentLength: 52
2024/10/27 13:04:23 POST / - 200 OK - ContentLength: 52
2024/10/27 13:04:23 POST / - 200 OK - ContentLength: 52
2024/10/27 13:04:23 POST / - 200 OK - ContentLength: 52
2024/10/27 13:04:23 POST / - 200 OK - ContentLength: 52
2024/10/27 13:04:23 POST / - 200 OK - ContentLength: 52
2024/10/27 13:04:23 POST / - 200 OK - ContentLength: 52
2024/10/27 13:04:23 POST / - 200 OK - ContentLength: 51
2024/10/27 13:04:23 POST / - 200 OK - ContentLength: 52
2024/10/27 13:04:23 POST / - 200 OK - ContentLength: 52
2024/10/27 13:04:23 POST / - 200 OK - ContentLength: 52
2024/10/27 13:04:23 POST / - 200 OK - ContentLength: 52
2024/10/27 13:04:23 POST / - 200 OK - ContentLength: 52
2024/10/27 13:04:23 POST / - 200 OK - ContentLength: 52
2024/10/27 13:04:23 POST / - 200 OK - ContentLength: 52
2024/10/27 13:04:23 POST / - 200 OK - ContentLength: 52
2024/10/27 13:04:23 POST / - 200 OK - ContentLength: 52
2024/10/27 13:04:23 POST / - 200 OK - ContentLength: 52
2024/10/27 13:04:23 POST / - 200 OK - ContentLength: 52
2024/10/27 13:09:35 POST / - 200 OK - ContentLength: 15
2024/10/27 13:09:50 POST / - 200 OK - ContentLength: 52
2024/10/27 13:09:51 POST / - 200 OK - ContentLength: 15
2024/10/27 13:10:05 POST / - 200 OK - ContentLength: 52
2024/10/27 13:10:05 POST / - 200 OK - ContentLength: 52
2024/10/27 13:10:06 POST / - 200 OK - ContentLength: 52
2024/10/27 13:10:06 POST / - 200 OK - ContentLength: 52
2024/10/27 13:10:06 POST / - 200 OK - ContentLength: 52
2024/10/27 13:10:06 POST / - 200 OK - ContentLength: 52
2024/10/27 13:10:06 POST / - 200 OK - ContentLength: 52
2024/10/27 13:10:06 POST / - 200 OK - ContentLength: 52
2024/10/27 13:10:06 POST / - 200 OK - ContentLength: 51
2024/10/27 13:10:06 POST / - 200 OK - ContentLength: 52
2024/10/27 13:10:06 POST / - 200 OK - ContentLength: 52
2024/10/27 13:10:07 POST / - 200 OK - ContentLength: 52
2024/10/27 13:10:07 POST / - 200 OK - ContentLength: 52
2024/10/27 13:10:07 POST / - 200 OK - ContentLength: 52
2024/10/27 13:10:07 POST / - 200 OK - ContentLength: 52
2024/10/27 13:10:07 POST / - 200 OK - ContentLength: 52
2024/10/27 13:10:07 POST / - 200 OK - ContentLength: 52
2024/10/27 13:10:07 POST / - 200 OK - ContentLength: 15
2024/10/27 13:10:07 POST / - 200 OK - ContentLength: 52
2024/10/27 13:10:21 POST / - 200 OK - ContentLength: 52
2024/10/27 13:10:21 POST / - 200 OK - ContentLength: 52
2024/10/27 13:10:21 POST / - 200 OK - ContentLength: 52
2024/10/27 13:10:21 POST / - 200 OK - ContentLength: 52
2024/10/27 13:10:21 POST / - 200 OK - ContentLength: 52
2024/10/27 13:10:21 POST / - 200 OK - ContentLength: 52
2024/10/27 13:10:21 POST / - 200 OK - ContentLength: 52
2024/10/27 13:10:21 POST / - 200 OK - ContentLength: 52
2024/10/27 13:10:21 POST / - 200 OK - ContentLength: 52
2024/10/27 13:10:21 POST / - 200 OK - ContentLength: 52
2024/10/27 13:10:21 POST / - 200 OK - ContentLength: 52
2024/10/27 13:10:21 POST / - 200 OK - ContentLength: 52
2024/10/27 13:10:21 POST / - 200 OK - ContentLength: 52
2024/10/27 13:10:21 POST / - 200 OK - ContentLength: 52
2024/10/27 13:10:21 POST / - 200 OK - ContentLength: 52
2024/10/27 13:10:21 POST / - 200 OK - ContentLength: 52
2024/10/27 13:10:21 POST / - 200 OK - ContentLength: 52
2024/10/27 13:10:21 POST / - 200 OK - ContentLength: 52
2024/10/27 13:10:22 POST / - 200 OK - ContentLength: 52
2024/10/27 13:10:22 POST / - 200 OK - ContentLength: 52
2024/10/27 13:10:22 POST / - 200 OK - ContentLength: 15
2024/10/27 13:10:22 POST / - 200 OK - ContentLength: 52
2024/10/27 13:10:22 POST / - 200 OK - ContentLength: 52
2024/10/27 13:10:22 POST / - 200 OK - ContentLength: 51
2024/10/27 13:10:22 POST / - 200 OK - ContentLength: 52
2024/10/27 13:10:22 POST / - 200 OK - ContentLength: 52
2024/10/27 13:10:22 POST / - 200 OK - ContentLength: 52
2024/10/27 13:10:22 POST / - 200 OK - ContentLength: 52
2024/10/27 13:10:22 POST / - 200 OK - ContentLength: 52
2024/10/27 13:10:22 POST / - 200 OK - ContentLength: 52
2024/10/27 13:10:22 POST / - 200 OK - ContentLength: 51
2024/10/27 13:10:22 POST / - 200 OK - ContentLength: 52
2024/10/27 13:10:22 POST / - 200 OK - ContentLength: 52
2024/10/27 13:10:22 POST / - 200 OK - ContentLength: 52
2024/10/27 13:10:22 POST / - 200 OK - ContentLength: 52
2024/10/27 13:10:22 POST / - 200 OK - ContentLength: 51
2024/10/27 13:10:22 POST / - 200 OK - ContentLength: 52
2024/10/27 13:10:22 POST / - 200 OK - ContentLength: 52
2024/10/27 13:10:22 POST / - 200 OK - ContentLength: 51
2024/10/27 13:10:22 POST / - 200 OK - ContentLength: 52
2024/10/27 13:10:22 POST / - 200 OK - ContentLength: 52
2024/10/27 13:10:22 POST / - 200 OK - ContentLength: 52
2024/10/27 13:10:22 POST / - 200 OK - ContentLength: 52
2024/10/27 13:10:22 POST / - 200 OK - ContentLength: 52
2024/10/27 13:10:22 POST / - 200 OK - ContentLength: 52
2024/10/27 13:10:22 POST / - 200 OK - ContentLength: 52
2024/10/27 13:10:22 POST / - 200 OK - ContentLength: 52
2024/10/27 13:10:22 POST / - 200 OK - ContentLength: 52
2024/10/27 13:10:22 POST / - 200 OK - ContentLength: 52
2024/10/27 13:10:22 POST / - 200 OK - ContentLength: 52
2024/10/27 13:10:36 POST / - 200 OK - ContentLength: 41
2024/10/27 13:10:52 POST / - 200 OK - ContentLength: 52
2024/10/27 13:10:53 POST / - 200 OK - ContentLength: 41
2024/10/27 13:11:09 POST / - 200 OK - ContentLength: 51
2024/10/27 13:11:09 POST / - 200 OK - ContentLength: 52
2024/10/27 13:11:09 POST / - 200 OK - ContentLength: 52
2024/10/27 13:11:09 POST / - 200 OK - ContentLength: 51
2024/10/27 13:11:09 POST / - 200 OK - ContentLength: 51
2024/10/27 13:11:09 POST / - 200 OK - ContentLength: 41
2024/10/27 13:11:09 POST / - 200 OK - ContentLength: 52
2024/10/27 13:11:09 POST / - 200 OK - ContentLength: 52
2024/10/27 13:11:09 POST / - 200 OK - ContentLength: 52
2024/10/27 13:11:09 POST / - 200 OK - ContentLength: 52
2024/10/27 13:11:10 POST / - 200 OK - ContentLength: 52
2024/10/27 13:11:10 POST / - 200 OK - ContentLength: 52
2024/10/27 13:11:10 POST / - 200 OK - ContentLength: 52
2024/10/27 13:11:10 POST / - 200 OK - ContentLength: 52
2024/10/27 13:11:10 POST / - 200 OK - ContentLength: 52
2024/10/27 13:11:10 POST / - 200 OK - ContentLength: 52
2024/10/27 13:11:10 POST / - 200 OK - ContentLength: 52
2024/10/27 13:11:10 POST / - 200 OK - ContentLength: 52
2024/10/27 13:11:10 POST / - 200 OK - ContentLength: 52
2024/10/27 13:11:25 POST / - 200 OK - ContentLength: 52
2024/10/27 13:11:25 POST / - 200 OK - ContentLength: 52
2024/10/27 13:11:25 POST / - 200 OK - ContentLength: 52
2024/10/27 13:11:25 POST / - 200 OK - ContentLength: 52
2024/10/27 13:11:25 POST / - 200 OK - ContentLength: 50
2024/10/27 13:11:25 POST / - 200 OK - ContentLength: 51
2024/10/27 13:11:25 POST / - 200 OK - ContentLength: 52
2024/10/27 13:11:25 POST / - 200 OK - ContentLength: 51
2024/10/27 13:11:25 POST / - 200 OK - ContentLength: 52
2024/10/27 13:11:25 POST / - 200 OK - ContentLength: 52
2024/10/27 13:11:25 POST / - 200 OK - ContentLength: 52
2024/10/27 13:11:25 POST / - 200 OK - ContentLength: 52
2024/10/27 13:11:25 POST / - 200 OK - ContentLength: 52
2024/10/27 13:11:25 POST / - 200 OK - ContentLength: 52
2024/10/27 13:11:25 POST / - 200 OK - ContentLength: 52
2024/10/27 13:11:25 POST / - 200 OK - ContentLength: 52
2024/10/27 13:11:25 POST / - 200 OK - ContentLength: 52
2024/10/27 13:11:25 POST / - 200 OK - ContentLength: 52
2024/10/27 13:11:25 POST / - 200 OK - ContentLength: 52
2024/10/27 13:11:25 POST / - 200 OK - ContentLength: 52
2024/10/27 13:11:25 POST / - 200 OK - ContentLength: 52
2024/10/27 13:11:25 POST / - 200 OK - ContentLength: 52
2024/10/27 13:11:25 POST / - 200 OK - ContentLength: 52
2024/10/27 13:11:25 POST / - 200 OK - ContentLength: 52
2024/10/27 13:11:25 POST / - 200 OK - ContentLength: 41
2024/10/27 13:11:25 POST / - 200 OK - ContentLength: 52
2024/10/27 13:11:25 POST / - 200 OK - ContentLength: 52
2024/10/27 13:11:25 POST / - 200 OK - ContentLength: 52
2024/10/27 13:11:25 POST / - 200 OK - ContentLength: 52
2024/10/27 13:11:25 POST / - 200 OK - ContentLength: 52
2024/10/27 13:11:26 POST / - 200 OK - ContentLength: 52
2024/10/27 13:11:26 POST / - 200 OK - ContentLength: 52
2024/10/27 13:11:26 POST / - 200 OK - ContentLength: 51
2024/10/27 13:11:26 POST / - 200 OK - ContentLength: 52
2024/10/27 13:11:26 POST / - 200 OK - ContentLength: 51
2024/10/27 13:11:26 POST / - 200 OK - ContentLength: 50
2024/10/27 13:11:26 POST / - 200 OK - ContentLength: 52
2024/10/27 13:11:26 POST / - 200 OK - ContentLength: 52
2024/10/27 13:11:26 POST / - 200 OK - ContentLength: 52
2024/10/27 13:11:26 POST / - 200 OK - ContentLength: 52
2024/10/27 13:11:26 POST / - 200 OK - ContentLength: 52
2024/10/27 13:11:26 POST / - 200 OK - ContentLength: 52
2024/10/27 13:11:26 POST / - 200 OK - ContentLength: 52
2024/10/27 13:11:26 POST / - 200 OK - ContentLength: 51
2024/10/27 13:11:26 POST / - 200 OK - ContentLength: 52
2024/10/27 13:11:26 POST / - 200 OK - ContentLength: 52
2024/10/27 13:11:26 POST / - 200 OK - ContentLength: 52
2024/10/27 13:11:26 POST / - 200 OK - ContentLength: 52
2024/10/27 13:11:26 POST / - 200 OK - ContentLength: 52
2024/10/27 13:11:26 POST / - 200 OK - ContentLength: 52
2024/10/27 13:11:41 POST / - 200 OK - ContentLength: 196
2024/10/27 13:11:41 POST / - 200 OK - ContentLength: 67
2024/10/27 13:11:58 POST / - 200 OK - ContentLength: 196
2024/10/27 13:11:58 POST / - 200 OK - ContentLength: 67
2024/10/27 13:11:59 POST / - 200 OK - ContentLength: 52
2024/10/27 13:12:15 POST / - 200 OK - ContentLength: 52
2024/10/27 13:12:15 POST / - 200 OK - ContentLength: 52
2024/10/27 13:12:15 POST / - 200 OK - ContentLength: 52
2024/10/27 13:12:15 POST / - 200 OK - ContentLength: 51
2024/10/27 13:12:15 POST / - 200 OK - ContentLength: 52
2024/10/27 13:12:16 POST / - 200 OK - ContentLength: 52
2024/10/27 13:12:16 POST / - 200 OK - ContentLength: 52
2024/10/27 13:12:16 POST / - 200 OK - ContentLength: 52
2024/10/27 13:12:16 POST / - 200 OK - ContentLength: 52
2024/10/27 13:12:16 POST / - 200 OK - ContentLength: 196
2024/10/27 13:12:16 POST / - 200 OK - ContentLength: 67
2024/10/27 13:12:16 POST / - 200 OK - ContentLength: 52
2024/10/27 13:12:16 POST / - 200 OK - ContentLength: 52
2024/10/27 13:12:16 POST / - 200 OK - ContentLength: 52
2024/10/27 13:12:16 POST / - 200 OK - ContentLength: 52
2024/10/27 13:12:16 POST / - 200 OK - ContentLength: 52
2024/10/27 13:12:17 POST / - 200 OK - ContentLength: 51
2024/10/27 13:12:17 POST / - 200 OK - ContentLength: 52
2024/10/27 13:12:17 POST / - 200 OK - ContentLength: 52
2024/10/27 13:12:17 POST / - 200 OK - ContentLength: 52
2024/10/27 13:12:32 POST / - 200 OK - ContentLength: 52
2024/10/27 13:12:32 POST / - 200 OK - ContentLength: 52
2024/10/27 13:12:32 POST / - 200 OK - ContentLength: 52
2024/10/27 13:12:32 POST / - 200 OK - ContentLength: 52
2024/10/27 13:12:32 POST / - 200 OK - ContentLength: 52
2024/10/27 13:12:32 POST / - 200 OK - ContentLength: 52
2024/10/27 13:12:32 POST / - 200 OK - ContentLength: 51
2024/10/27 13:12:32 POST / - 200 OK - ContentLength: 52
2024/10/27 13:12:32 POST / - 200 OK - ContentLength: 196
2024/10/27 13:12:32 POST / - 200 OK - ContentLength: 67
2024/10/27 13:12:32 POST / - 200 OK - ContentLength: 52
2024/10/27 13:12:32 POST / - 200 OK - ContentLength: 52
2024/10/27 13:12:32 POST / - 200 OK - ContentLength: 52
2024/10/27 13:12:32 POST / - 200 OK - ContentLength: 52
2024/10/27 13:12:32 POST / - 200 OK - ContentLength: 52
2024/10/27 13:12:32 POST / - 200 OK - ContentLength: 52
2024/10/27 13:12:32 POST / - 200 OK - ContentLength: 52
2024/10/27 13:12:32 POST / - 200 OK - ContentLength: 52
2024/10/27 13:12:32 POST / - 200 OK - ContentLength: 52
2024/10/27 13:12:32 POST / - 200 OK - ContentLength: 52
2024/10/27 13:12:32 POST / - 200 OK - ContentLength: 52
2024/10/27 13:12:32 POST / - 200 OK - ContentLength: 52
2024/10/27 13:12:32 POST / - 200 OK - ContentLength: 52
2024/10/27 13:12:32 POST / - 200 OK - ContentLength: 51
2024/10/27 13:12:32 POST / - 200 OK - ContentLength: 52
2024/10/27 13:12:33 POST / - 200 OK - ContentLength: 52
2024/10/27 13:12:33 POST / - 200 OK - ContentLength: 52
2024/10/27 13:12:33 POST / - 200 OK - ContentLength: 52
2024/10/27 13:12:33 POST / - 200 OK - ContentLength: 52
2024/10/27 13:12:33 POST / - 200 OK - ContentLength: 52
2024/10/27 13:12:33 POST / - 200 OK - ContentLength: 52
2024/10/27 13:12:33 POST / - 200 OK - ContentLength: 52
2024/10/27 13:12:33 POST / - 200 OK - ContentLength: 52
2024/10/27 13:12:33 POST / - 200 OK - ContentLength: 52
2024/10/27 13:12:33 POST / - 200 OK - ContentLength: 52
2024/10/27 13:12:33 POST / - 200 OK - ContentLength: 52
2024/10/27 13:12:33 POST / - 200 OK - ContentLength: 52
2024/10/27 13:12:33 POST / - 200 OK - ContentLength: 52
2024/10/27 13:12:33 POST / - 200 OK - ContentLength: 52
2024/10/27 13:12:33 POST / - 200 OK - ContentLength: 52
2024/10/27 13:12:33 POST / - 200 OK - ContentLength: 52
2024/10/27 13:12:33 POST / - 200 OK - ContentLength: 52
2024/10/27 13:12:33 POST / - 200 OK - ContentLength: 52
2024/10/27 13:12:33 POST / - 200 OK - ContentLength: 52
2024/10/27 13:12:33 POST / - 200 OK - ContentLength: 52
2024/10/27 13:12:33 POST / - 200 OK - ContentLength: 51
2024/10/27 13:12:33 POST / - 200 OK - ContentLength: 52
2024/10/27 13:12:33 POST / - 200 OK - ContentLength: 52
2024/10/27 13:12:33 POST / - 200 OK - ContentLength: 51
2024/10/27 13:12:33 POST / - 200 OK - ContentLength: 51
2024/10/27 13:12:33 POST / - 200 OK - ContentLength: 52
2024/10/27 13:33:46 POST / - 200 OK - ContentLength: 196
2024/10/27 13:33:46 POST / - 200 OK - ContentLength: 67
2024/10/27 13:34:04 POST / - 200 OK - ContentLength: 52
2024/10/27 13:34:05 POST / - 200 OK - ContentLength: 196
2024/10/27 13:34:05 POST / - 200 OK - ContentLength: 67
