2024/10/27 14:17:36 Logging to a file in Go!
2024/10/27 14:17:36 Running node
2024/10/27 14:17:36 Started logging: stderr from function.
2024/10/27 14:17:36 Started logging: stdout from function.
2024/10/27 14:17:36 Starting mitmproxy now
2024/10/27 14:17:36 Metrics listening on port: 8081
2024/10/27 14:20:29 POST / - 200 OK - ContentLength: 52
2024/10/27 14:20:37 POST / - 200 OK - ContentLength: 52
2024/10/27 14:20:37 POST / - 200 OK - ContentLength: 52
2024/10/27 14:20:37 POST / - 200 OK - ContentLength: 52
2024/10/27 14:20:37 POST / - 200 OK - ContentLength: 52
2024/10/27 14:20:37 POST / - 200 OK - ContentLength: 52
2024/10/27 14:20:37 POST / - 200 OK - ContentLength: 52
2024/10/27 14:20:37 POST / - 200 OK - ContentLength: 52
2024/10/27 14:20:37 POST / - 200 OK - ContentLength: 52
2024/10/27 14:20:37 POST / - 200 OK - ContentLength: 52
2024/10/27 14:20:38 POST / - 200 OK - ContentLength: 52
2024/10/27 14:20:38 POST / - 200 OK - ContentLength: 52
2024/10/27 14:20:38 POST / - 200 OK - ContentLength: 52
2024/10/27 14:20:38 POST / - 200 OK - ContentLength: 52
2024/10/27 14:20:38 POST / - 200 OK - ContentLength: 52
2024/10/27 14:20:38 POST / - 200 OK - ContentLength: 52
2024/10/27 14:20:38 POST / - 200 OK - ContentLength: 52
2024/10/27 14:20:38 POST / - 200 OK - ContentLength: 52
2024/10/27 14:20:39 POST / - 200 OK - ContentLength: 51
2024/10/27 14:20:46 POST / - 200 OK - ContentLength: 52
2024/10/27 14:20:46 POST / - 200 OK - ContentLength: 52
2024/10/27 14:20:46 POST / - 200 OK - ContentLength: 52
2024/10/27 14:20:46 POST / - 200 OK - ContentLength: 52
2024/10/27 14:20:46 POST / - 200 OK - ContentLength: 52
2024/10/27 14:20:46 POST / - 200 OK - ContentLength: 52
2024/10/27 14:20:46 POST / - 200 OK - ContentLength: 52
2024/10/27 14:20:46 POST / - 200 OK - ContentLength: 50
2024/10/27 14:20:46 POST / - 200 OK - ContentLength: 52
2024/10/27 14:20:46 POST / - 200 OK - ContentLength: 51
2024/10/27 14:20:46 POST / - 200 OK - ContentLength: 52
2024/10/27 14:20:46 POST / - 200 OK - ContentLength: 52
2024/10/27 14:20:46 POST / - 200 OK - ContentLength: 52
2024/10/27 14:20:46 POST / - 200 OK - ContentLength: 52
2024/10/27 14:20:46 POST / - 200 OK - ContentLength: 52
2024/10/27 14:20:46 POST / - 200 OK - ContentLength: 52
2024/10/27 14:20:46 POST / - 200 OK - ContentLength: 52
2024/10/27 14:20:46 POST / - 200 OK - ContentLength: 52
2024/10/27 14:20:46 POST / - 200 OK - ContentLength: 52
2024/10/27 14:20:46 POST / - 200 OK - ContentLength: 52
2024/10/27 14:20:46 POST / - 200 OK - ContentLength: 52
2024/10/27 14:20:46 POST / - 200 OK - ContentLength: 52
2024/10/27 14:20:46 POST / - 200 OK - ContentLength: 52
2024/10/27 14:20:46 POST / - 200 OK - ContentLength: 52
2024/10/27 14:20:46 POST / - 200 OK - ContentLength: 52
2024/10/27 14:20:46 POST / - 200 OK - ContentLength: 52
2024/10/27 14:20:46 POST / - 200 OK - ContentLength: 52
2024/10/27 14:20:46 POST / - 200 OK - ContentLength: 52
2024/10/27 14:20:46 POST / - 200 OK - ContentLength: 52
2024/10/27 14:20:46 POST / - 200 OK - ContentLength: 52
2024/10/27 14:20:46 POST / - 200 OK - ContentLength: 52
2024/10/27 14:20:46 POST / - 200 OK - ContentLength: 52
2024/10/27 14:20:46 POST / - 200 OK - ContentLength: 52
2024/10/27 14:20:46 POST / - 200 OK - ContentLength: 52
2024/10/27 14:20:46 POST / - 200 OK - ContentLength: 52
2024/10/27 14:20:47 POST / - 200 OK - ContentLength: 52
2024/10/27 14:20:47 POST / - 200 OK - ContentLength: 52
2024/10/27 14:20:47 POST / - 200 OK - ContentLength: 52
2024/10/27 14:20:47 POST / - 200 OK - ContentLength: 52
2024/10/27 14:20:47 POST / - 200 OK - ContentLength: 52
2024/10/27 14:20:47 POST / - 200 OK - ContentLength: 52
2024/10/27 14:20:47 POST / - 200 OK - ContentLength: 52
2024/10/27 14:20:47 POST / - 200 OK - ContentLength: 52
2024/10/27 14:20:47 POST / - 200 OK - ContentLength: 52
2024/10/27 14:20:47 POST / - 200 OK - ContentLength: 52
2024/10/27 14:20:47 POST / - 200 OK - ContentLength: 52
2024/10/27 14:20:47 POST / - 200 OK - ContentLength: 52
2024/10/27 14:20:47 POST / - 200 OK - ContentLength: 51
2024/10/27 14:20:47 POST / - 200 OK - ContentLength: 51
2024/10/27 14:20:57 POST / - 200 OK - ContentLength: 83
2024/10/27 14:21:01 POST / - 200 OK - ContentLength: 1903
2024/10/27 14:21:09 POST / - 200 OK - ContentLength: 52
2024/10/27 14:21:11 POST / - 200 OK - ContentLength: 83
2024/10/27 14:21:13 POST / - 200 OK - ContentLength: 1902
2024/10/27 14:21:20 POST / - 200 OK - ContentLength: 52
2024/10/27 14:21:21 POST / - 200 OK - ContentLength: 52
2024/10/27 14:21:21 POST / - 200 OK - ContentLength: 52
2024/10/27 14:21:21 POST / - 200 OK - ContentLength: 52
2024/10/27 14:21:21 POST / - 200 OK - ContentLength: 52
2024/10/27 14:21:21 POST / - 200 OK - ContentLength: 52
2024/10/27 14:21:21 POST / - 200 OK - ContentLength: 52
2024/10/27 14:21:21 POST / - 200 OK - ContentLength: 52
2024/10/27 14:21:21 POST / - 200 OK - ContentLength: 52
2024/10/27 14:21:21 POST / - 200 OK - ContentLength: 52
2024/10/27 14:21:21 POST / - 200 OK - ContentLength: 52
2024/10/27 14:21:22 POST / - 200 OK - ContentLength: 52
2024/10/27 14:21:22 POST / - 200 OK - ContentLength: 52
2024/10/27 14:21:22 POST / - 200 OK - ContentLength: 52
2024/10/27 14:21:22 POST / - 200 OK - ContentLength: 52
2024/10/27 14:21:22 POST / - 200 OK - ContentLength: 52
2024/10/27 14:21:22 POST / - 200 OK - ContentLength: 52
2024/10/27 14:21:22 POST / - 200 OK - ContentLength: 52
2024/10/27 14:21:24 POST / - 200 OK - ContentLength: 83
2024/10/27 14:21:26 POST / - 200 OK - ContentLength: 1901
2024/10/27 14:21:33 POST / - 200 OK - ContentLength: 52
2024/10/27 14:21:33 POST / - 200 OK - ContentLength: 52
2024/10/27 14:21:33 POST / - 200 OK - ContentLength: 51
2024/10/27 14:21:33 POST / - 200 OK - ContentLength: 52
2024/10/27 14:21:33 POST / - 200 OK - ContentLength: 52
2024/10/27 14:21:34 POST / - 200 OK - ContentLength: 51
2024/10/27 14:21:34 POST / - 200 OK - ContentLength: 52
2024/10/27 14:21:34 POST / - 200 OK - ContentLength: 52
2024/10/27 14:21:34 POST / - 200 OK - ContentLength: 52
2024/10/27 14:21:34 POST / - 200 OK - ContentLength: 51
2024/10/27 14:21:34 POST / - 200 OK - ContentLength: 52
2024/10/27 14:21:34 POST / - 200 OK - ContentLength: 52
2024/10/27 14:21:34 POST / - 200 OK - ContentLength: 52
2024/10/27 14:21:34 POST / - 200 OK - ContentLength: 52
2024/10/27 14:21:34 POST / - 200 OK - ContentLength: 52
2024/10/27 14:21:34 POST / - 200 OK - ContentLength: 52
2024/10/27 14:21:34 POST / - 200 OK - ContentLength: 52
2024/10/27 14:21:34 POST / - 200 OK - ContentLength: 52
2024/10/27 14:21:34 POST / - 200 OK - ContentLength: 52
2024/10/27 14:21:34 POST / - 200 OK - ContentLength: 52
2024/10/27 14:21:34 POST / - 200 OK - ContentLength: 52
2024/10/27 14:21:34 POST / - 200 OK - ContentLength: 52
2024/10/27 14:21:34 POST / - 200 OK - ContentLength: 52
2024/10/27 14:21:34 POST / - 200 OK - ContentLength: 52
2024/10/27 14:21:34 POST / - 200 OK - ContentLength: 52
2024/10/27 14:21:34 POST / - 200 OK - ContentLength: 52
2024/10/27 14:21:34 POST / - 200 OK - ContentLength: 52
2024/10/27 14:21:34 POST / - 200 OK - ContentLength: 52
2024/10/27 14:21:34 POST / - 200 OK - ContentLength: 52
2024/10/27 14:21:34 POST / - 200 OK - ContentLength: 52
2024/10/27 14:21:34 POST / - 200 OK - ContentLength: 52
2024/10/27 14:21:34 POST / - 200 OK - ContentLength: 52
2024/10/27 14:21:34 POST / - 200 OK - ContentLength: 52
2024/10/27 14:21:34 POST / - 200 OK - ContentLength: 52
2024/10/27 14:21:34 POST / - 200 OK - ContentLength: 52
2024/10/27 14:21:34 POST / - 200 OK - ContentLength: 51
2024/10/27 14:21:34 POST / - 200 OK - ContentLength: 52
2024/10/27 14:21:34 POST / - 200 OK - ContentLength: 52
2024/10/27 14:21:34 POST / - 200 OK - ContentLength: 52
2024/10/27 14:21:34 POST / - 200 OK - ContentLength: 52
2024/10/27 14:21:34 POST / - 200 OK - ContentLength: 51
2024/10/27 14:21:34 POST / - 200 OK - ContentLength: 52
2024/10/27 14:21:34 POST / - 200 OK - ContentLength: 52
2024/10/27 14:21:34 POST / - 200 OK - ContentLength: 51
2024/10/27 14:21:34 POST / - 200 OK - ContentLength: 52
2024/10/27 14:21:34 POST / - 200 OK - ContentLength: 52
2024/10/27 14:21:34 POST / - 200 OK - ContentLength: 52
2024/10/27 14:21:34 POST / - 200 OK - ContentLength: 52
2024/10/27 14:21:35 POST / - 200 OK - ContentLength: 51
2024/10/27 14:21:35 POST / - 200 OK - ContentLength: 83
2024/10/27 14:21:38 POST / - 200 OK - ContentLength: 1901
